{"/media/disk/development/labbar/typescript-testing/labb-3/HopefulHarvest/frontend/src/About.tsx": {"path":"/media/disk/development/labbar/typescript-testing/labb-3/HopefulHarvest/frontend/src/About.tsx","statementMap":{"0":{"start":{"line":1,"column":25},"end":{"line":1,"column":null}},"1":{"start":{"line":10,"column":36},"end":{"line":75,"column":2}},"2":{"start":{"line":11,"column":2},"end":{"line":73,"column":null}},"3":{"start":{"line":75,"column":2},"end":{"line":10,"column":36}},"4":{"start":{"line":77,"column":21},"end":{"line":77,"column":null}}},"fnMap":{"0":{"name":"(anonymous_0)","decl":{"start":{"line":1,"column":25},"end":{"line":1,"column":null}},"loc":{"start":{"line":1,"column":25},"end":{"line":1,"column":null}}},"1":{"name":"(anonymous_1)","decl":{"start":{"line":10,"column":36},"end":{"line":10,"column":42}},"loc":{"start":{"line":10,"column":42},"end":{"line":75,"column":2}}}},"branchMap":{"0":{"loc":{"start":{"line":1,"column":25},"end":{"line":1,"column":null}},"type":"binary-expr","locations":[{"start":{"line":1,"column":25},"end":{"line":1,"column":null}},{"start":{"line":1,"column":25},"end":{"line":1,"column":null}}]},"1":{"loc":{"start":{"line":1,"column":25},"end":{"line":1,"column":null}},"type":"if","locations":[{"start":{"line":1,"column":25},"end":{"line":1,"column":null}}]}},"s":{"0":24,"1":3,"2":0,"3":3,"4":3},"f":{"0":3,"1":0},"b":{"0":[6,3],"1":[3]}}
,"/media/disk/development/labbar/typescript-testing/labb-3/HopefulHarvest/frontend/src/App.tsx": {"path":"/media/disk/development/labbar/typescript-testing/labb-3/HopefulHarvest/frontend/src/App.tsx","statementMap":{"0":{"start":{"line":1,"column":41},"end":{"line":1,"column":null}},"1":{"start":{"line":7,"column":2},"end":{"line":12,"column":null}},"2":{"start":{"line":14,"column":1},"end":{"line":5,"column":15}},"3":{"start":{"line":16,"column":19},"end":{"line":16,"column":null}}},"fnMap":{"0":{"name":"(anonymous_0)","decl":{"start":{"line":1,"column":41},"end":{"line":1,"column":null}},"loc":{"start":{"line":1,"column":41},"end":{"line":1,"column":null}}},"1":{"name":"App","decl":{"start":{"line":5,"column":9},"end":{"line":5,"column":15}},"loc":{"start":{"line":5,"column":15},"end":{"line":14,"column":1}}}},"branchMap":{"0":{"loc":{"start":{"line":1,"column":41},"end":{"line":1,"column":null}},"type":"binary-expr","locations":[{"start":{"line":1,"column":41},"end":{"line":1,"column":null}},{"start":{"line":1,"column":41},"end":{"line":1,"column":null}}]},"1":{"loc":{"start":{"line":1,"column":41},"end":{"line":1,"column":null}},"type":"if","locations":[{"start":{"line":1,"column":41},"end":{"line":1,"column":null}}]}},"s":{"0":24,"1":6,"2":3,"3":3},"f":{"0":3,"1":6},"b":{"0":[6,3],"1":[3]}}
,"/media/disk/development/labbar/typescript-testing/labb-3/HopefulHarvest/frontend/src/Contact.tsx": {"path":"/media/disk/development/labbar/typescript-testing/labb-3/HopefulHarvest/frontend/src/Contact.tsx","statementMap":{"0":{"start":{"line":1,"column":39},"end":{"line":1,"column":null}},"1":{"start":{"line":22,"column":30},"end":{"line":138,"column":2}},"2":{"start":{"line":22,"column":36},"end":{"line":22,"column":null}},"3":{"start":{"line":23,"column":26},"end":{"line":23,"column":null}},"4":{"start":{"line":24,"column":28},"end":{"line":24,"column":null}},"5":{"start":{"line":25,"column":32},"end":{"line":25,"column":null}},"6":{"start":{"line":26,"column":40},"end":{"line":26,"column":null}},"7":{"start":{"line":27,"column":38},"end":{"line":27,"column":null}},"8":{"start":{"line":28,"column":52},"end":{"line":28,"column":null}},"9":{"start":{"line":30,"column":34},"end":{"line":52,"column":null}},"10":{"start":{"line":31,"column":4},"end":{"line":31,"column":null}},"11":{"start":{"line":32,"column":4},"end":{"line":32,"column":null}},"12":{"start":{"line":34,"column":4},"end":{"line":51,"column":null}},"13":{"start":{"line":35,"column":6},"end":{"line":37,"column":null}},"14":{"start":{"line":36,"column":8},"end":{"line":36,"column":null}},"15":{"start":{"line":39,"column":25},"end":{"line":39,"column":null}},"16":{"start":{"line":40,"column":6},"end":{"line":42,"column":null}},"17":{"start":{"line":41,"column":8},"end":{"line":41,"column":null}},"18":{"start":{"line":44,"column":6},"end":{"line":44,"column":null}},"19":{"start":{"line":46,"column":6},"end":{"line":50,"column":null}},"20":{"start":{"line":47,"column":8},"end":{"line":47,"column":null}},"21":{"start":{"line":49,"column":8},"end":{"line":49,"column":null}},"22":{"start":{"line":54,"column":2},"end":{"line":136,"column":null}},"23":{"start":{"line":81,"column":35},"end":{"line":81,"column":59}},"24":{"start":{"line":95,"column":35},"end":{"line":95,"column":60}},"25":{"start":{"line":108,"column":35},"end":{"line":108,"column":62}},"26":{"start":{"line":119,"column":35},"end":{"line":119,"column":68}},"27":{"start":{"line":138,"column":2},"end":{"line":22,"column":30}},"28":{"start":{"line":22,"column":27},"end":{"line":null,"column":-1}},"29":{"start":{"line":140,"column":27},"end":{"line":140,"column":null}}},"fnMap":{"0":{"name":"(anonymous_0)","decl":{"start":{"line":1,"column":39},"end":{"line":1,"column":null}},"loc":{"start":{"line":1,"column":39},"end":{"line":1,"column":null}}},"1":{"name":"(anonymous_1)","decl":{"start":{"line":22,"column":30},"end":{"line":22,"column":36}},"loc":{"start":{"line":22,"column":36},"end":{"line":138,"column":2}}},"2":{"name":"(anonymous_2)","decl":{"start":{"line":30,"column":34},"end":{"line":30,"column":35}},"loc":{"start":{"line":30,"column":75},"end":{"line":52,"column":null}}},"3":{"name":"(anonymous_3)","decl":{"start":{"line":81,"column":28},"end":{"line":81,"column":29}},"loc":{"start":{"line":81,"column":35},"end":{"line":81,"column":59}}},"4":{"name":"(anonymous_4)","decl":{"start":{"line":95,"column":28},"end":{"line":95,"column":29}},"loc":{"start":{"line":95,"column":35},"end":{"line":95,"column":60}}},"5":{"name":"(anonymous_5)","decl":{"start":{"line":108,"column":28},"end":{"line":108,"column":29}},"loc":{"start":{"line":108,"column":35},"end":{"line":108,"column":62}}},"6":{"name":"(anonymous_6)","decl":{"start":{"line":119,"column":28},"end":{"line":119,"column":29}},"loc":{"start":{"line":119,"column":35},"end":{"line":119,"column":68}}}},"branchMap":{"0":{"loc":{"start":{"line":1,"column":39},"end":{"line":1,"column":null}},"type":"binary-expr","locations":[{"start":{"line":1,"column":39},"end":{"line":1,"column":null}},{"start":{"line":1,"column":39},"end":{"line":1,"column":null}}]},"1":{"loc":{"start":{"line":1,"column":39},"end":{"line":1,"column":null}},"type":"if","locations":[{"start":{"line":1,"column":39},"end":{"line":1,"column":null}}]},"2":{"loc":{"start":{"line":35,"column":6},"end":{"line":37,"column":null}},"type":"if","locations":[{"start":{"line":35,"column":6},"end":{"line":37,"column":null}}]},"3":{"loc":{"start":{"line":35,"column":10},"end":{"line":35,"column":55}},"type":"binary-expr","locations":[{"start":{"line":35,"column":10},"end":{"line":35,"column":19}},{"start":{"line":35,"column":19},"end":{"line":35,"column":29}},{"start":{"line":35,"column":29},"end":{"line":35,"column":41}},{"start":{"line":35,"column":41},"end":{"line":35,"column":55}}]},"4":{"loc":{"start":{"line":40,"column":6},"end":{"line":42,"column":null}},"type":"if","locations":[{"start":{"line":40,"column":6},"end":{"line":42,"column":null}}]},"5":{"loc":{"start":{"line":46,"column":6},"end":{"line":50,"column":null}},"type":"if","locations":[{"start":{"line":46,"column":6},"end":{"line":50,"column":null}},{"start":{"line":48,"column":13},"end":{"line":50,"column":null}}]},"6":{"loc":{"start":{"line":69,"column":11},"end":{"line":132,"column":null}},"type":"cond-expr","locations":[{"start":{"line":70,"column":12},"end":{"line":72,"column":null}},{"start":{"line":74,"column":12},"end":{"line":132,"column":null}}]},"7":{"loc":{"start":{"line":83,"column":17},"end":{"line":86,"column":null}},"type":"binary-expr","locations":[{"start":{"line":83,"column":17},"end":{"line":83,"column":31}},{"start":{"line":83,"column":31},"end":{"line":83,"column":null}},{"start":{"line":84,"column":18},"end":{"line":86,"column":null}}]},"8":{"loc":{"start":{"line":97,"column":17},"end":{"line":100,"column":null}},"type":"binary-expr","locations":[{"start":{"line":97,"column":17},"end":{"line":97,"column":31}},{"start":{"line":97,"column":31},"end":{"line":97,"column":null}},{"start":{"line":98,"column":18},"end":{"line":100,"column":null}}]},"9":{"loc":{"start":{"line":110,"column":17},"end":{"line":113,"column":null}},"type":"binary-expr","locations":[{"start":{"line":110,"column":17},"end":{"line":110,"column":31}},{"start":{"line":110,"column":31},"end":{"line":110,"column":null}},{"start":{"line":111,"column":18},"end":{"line":113,"column":null}}]},"10":{"loc":{"start":{"line":123,"column":17},"end":{"line":126,"column":null}},"type":"binary-expr","locations":[{"start":{"line":123,"column":17},"end":{"line":123,"column":31}},{"start":{"line":123,"column":31},"end":{"line":123,"column":null}},{"start":{"line":124,"column":18},"end":{"line":126,"column":null}}]}},"s":{"0":27,"1":3,"2":0,"3":0,"4":0,"5":0,"6":0,"7":0,"8":0,"9":0,"10":0,"11":0,"12":0,"13":0,"14":0,"15":0,"16":0,"17":0,"18":0,"19":0,"20":0,"21":0,"22":0,"23":0,"24":0,"25":0,"26":0,"27":3,"28":3,"29":3},"f":{"0":3,"1":0,"2":0,"3":0,"4":0,"5":0,"6":0},"b":{"0":[6,3],"1":[3],"2":[0],"3":[0,0,0,0],"4":[0],"5":[0,0],"6":[0,0],"7":[0,0,0],"8":[0,0,0],"9":[0,0,0],"10":[0,0,0]}}
,"/media/disk/development/labbar/typescript-testing/labb-3/HopefulHarvest/frontend/src/Footer.tsx": {"path":"/media/disk/development/labbar/typescript-testing/labb-3/HopefulHarvest/frontend/src/Footer.tsx","statementMap":{"0":{"start":{"line":1,"column":25},"end":{"line":1,"column":null}},"1":{"start":{"line":6,"column":25},"end":{"line":33,"column":2}},"2":{"start":{"line":6,"column":31},"end":{"line":6,"column":null}},"3":{"start":{"line":7,"column":38},"end":{"line":7,"column":null}},"4":{"start":{"line":9,"column":2},"end":{"line":31,"column":null}},"5":{"start":{"line":33,"column":2},"end":{"line":7,"column":52}},"6":{"start":{"line":6,"column":22},"end":{"line":7,"column":52}},"7":{"start":{"line":7,"column":51},"end":{"line":6,"column":22}},"8":{"start":{"line":35,"column":22},"end":{"line":35,"column":null}}},"fnMap":{"0":{"name":"(anonymous_0)","decl":{"start":{"line":1,"column":25},"end":{"line":1,"column":null}},"loc":{"start":{"line":1,"column":25},"end":{"line":1,"column":null}}},"1":{"name":"(anonymous_1)","decl":{"start":{"line":6,"column":25},"end":{"line":6,"column":31}},"loc":{"start":{"line":6,"column":31},"end":{"line":33,"column":2}}},"2":{"name":"(anonymous_2)","decl":{"start":{"line":6,"column":22},"end":{"line":6,"column":25}},"loc":{"start":{"line":6,"column":22},"end":{"line":7,"column":52}}}},"branchMap":{"0":{"loc":{"start":{"line":1,"column":25},"end":{"line":1,"column":null}},"type":"binary-expr","locations":[{"start":{"line":1,"column":25},"end":{"line":1,"column":null}},{"start":{"line":1,"column":25},"end":{"line":1,"column":null}}]},"1":{"loc":{"start":{"line":1,"column":25},"end":{"line":1,"column":null}},"type":"if","locations":[{"start":{"line":1,"column":25},"end":{"line":1,"column":null}}]}},"s":{"0":27,"1":3,"2":6,"3":6,"4":6,"5":3,"6":3,"7":3,"8":3},"f":{"0":3,"1":6,"2":3},"b":{"0":[6,3],"1":[3]}}
,"/media/disk/development/labbar/typescript-testing/labb-3/HopefulHarvest/frontend/src/Home.tsx": {"path":"/media/disk/development/labbar/typescript-testing/labb-3/HopefulHarvest/frontend/src/Home.tsx","statementMap":{"0":{"start":{"line":1,"column":36},"end":{"line":1,"column":null}},"1":{"start":{"line":1,"column":43},"end":{"line":1,"column":null}},"2":{"start":{"line":12,"column":23},"end":{"line":47,"column":2}},"3":{"start":{"line":12,"column":29},"end":{"line":12,"column":null}},"4":{"start":{"line":13,"column":34},"end":{"line":13,"column":null}},"5":{"start":{"line":15,"column":2},"end":{"line":20,"column":null}},"6":{"start":{"line":16,"column":4},"end":{"line":19,"column":null}},"7":{"start":{"line":17,"column":21},"end":{"line":17,"column":31}},"8":{"start":{"line":18,"column":33},"end":{"line":18,"column":50}},"9":{"start":{"line":19,"column":24},"end":{"line":19,"column":72}},"10":{"start":{"line":22,"column":2},"end":{"line":45,"column":null}},"11":{"start":{"line":30,"column":12},"end":{"line":41,"column":null}},"12":{"start":{"line":47,"column":2},"end":{"line":12,"column":23}},"13":{"start":{"line":12,"column":20},"end":{"line":null,"column":-1}},"14":{"start":{"line":49,"column":20},"end":{"line":49,"column":null}}},"fnMap":{"0":{"name":"(anonymous_0)","decl":{"start":{"line":1,"column":43},"end":{"line":1,"column":null}},"loc":{"start":{"line":1,"column":43},"end":{"line":1,"column":null}}},"1":{"name":"(anonymous_1)","decl":{"start":{"line":12,"column":23},"end":{"line":12,"column":29}},"loc":{"start":{"line":12,"column":29},"end":{"line":47,"column":2}}},"2":{"name":"(anonymous_2)","decl":{"start":{"line":15,"column":12},"end":{"line":15,"column":18}},"loc":{"start":{"line":15,"column":18},"end":{"line":20,"column":5}}},"3":{"name":"(anonymous_3)","decl":{"start":{"line":17,"column":12},"end":{"line":17,"column":13}},"loc":{"start":{"line":17,"column":21},"end":{"line":17,"column":31}}},"4":{"name":"(anonymous_4)","decl":{"start":{"line":18,"column":12},"end":{"line":18,"column":13}},"loc":{"start":{"line":18,"column":33},"end":{"line":18,"column":50}}},"5":{"name":"(anonymous_5)","decl":{"start":{"line":19,"column":13},"end":{"line":19,"column":14}},"loc":{"start":{"line":19,"column":24},"end":{"line":19,"column":72}}},"6":{"name":"(anonymous_6)","decl":{"start":{"line":29,"column":25},"end":{"line":29,"column":26}},"loc":{"start":{"line":30,"column":12},"end":{"line":41,"column":null}}}},"branchMap":{"0":{"loc":{"start":{"line":1,"column":36},"end":{"line":1,"column":null}},"type":"binary-expr","locations":[{"start":{"line":1,"column":36},"end":{"line":1,"column":null}},{"start":{"line":1,"column":43},"end":{"line":1,"column":null}}]},"1":{"loc":{"start":{"line":1,"column":43},"end":{"line":1,"column":null}},"type":"if","locations":[{"start":{"line":1,"column":43},"end":{"line":1,"column":null}}]},"2":{"loc":{"start":{"line":1,"column":43},"end":{"line":1,"column":null}},"type":"binary-expr","locations":[{"start":{"line":1,"column":43},"end":{"line":1,"column":null}},{"start":{"line":1,"column":43},"end":{"line":1,"column":null}}]}},"s":{"0":3,"1":24,"2":3,"3":6,"4":6,"5":6,"6":2,"7":2,"8":2,"9":0,"10":6,"11":80,"12":3,"13":3,"14":3},"f":{"0":3,"1":6,"2":2,"3":2,"4":2,"5":0,"6":80},"b":{"0":[3,0],"1":[3],"2":[3,3]}}
,"/media/disk/development/labbar/typescript-testing/labb-3/HopefulHarvest/frontend/src/Navbar.tsx": {"path":"/media/disk/development/labbar/typescript-testing/labb-3/HopefulHarvest/frontend/src/Navbar.tsx","statementMap":{"0":{"start":{"line":1,"column":25},"end":{"line":1,"column":null}},"1":{"start":{"line":20,"column":2},"end":{"line":20,"column":null}},"2":{"start":{"line":22,"column":25},"end":{"line":146,"column":2}},"3":{"start":{"line":22,"column":31},"end":{"line":22,"column":null}},"4":{"start":{"line":23,"column":19},"end":{"line":23,"column":null}},"5":{"start":{"line":24,"column":28},"end":{"line":24,"column":null}},"6":{"start":{"line":24,"column":65},"end":{"line":24,"column":75}},"7":{"start":{"line":25,"column":2},"end":{"line":25,"column":null}},"8":{"start":{"line":27,"column":21},"end":{"line":27,"column":null}},"9":{"start":{"line":29,"column":51},"end":{"line":43,"column":null}},"10":{"start":{"line":45,"column":2},"end":{"line":144,"column":null}},"11":{"start":{"line":49,"column":10},"end":{"line":141,"column":null}},"12":{"start":{"line":64,"column":24},"end":{"line":64,"column":null}},"13":{"start":{"line":67,"column":22},"end":{"line":89,"column":null}},"14":{"start":{"line":79,"column":26},"end":{"line":87,"column":null}},"15":{"start":{"line":94,"column":31},"end":{"line":94,"column":null}},"16":{"start":{"line":118,"column":24},"end":{"line":118,"column":null}},"17":{"start":{"line":121,"column":22},"end":{"line":136,"column":null}},"18":{"start":{"line":123,"column":26},"end":{"line":134,"column":null}},"19":{"start":{"line":146,"column":2},"end":{"line":24,"column":49}},"20":{"start":{"line":22,"column":22},"end":{"line":24,"column":49}},"21":{"start":{"line":24,"column":48},"end":{"line":22,"column":22}},"22":{"start":{"line":148,"column":22},"end":{"line":148,"column":null}}},"fnMap":{"0":{"name":"(anonymous_0)","decl":{"start":{"line":1,"column":25},"end":{"line":1,"column":null}},"loc":{"start":{"line":1,"column":25},"end":{"line":1,"column":null}}},"1":{"name":"classNames","decl":{"start":{"line":19,"column":9},"end":{"line":19,"column":23}},"loc":{"start":{"line":19,"column":64},"end":{"line":21,"column":null}}},"2":{"name":"(anonymous_2)","decl":{"start":{"line":22,"column":25},"end":{"line":22,"column":31}},"loc":{"start":{"line":22,"column":31},"end":{"line":146,"column":2}}},"3":{"name":"(anonymous_3)","decl":{"start":{"line":24,"column":49},"end":{"line":24,"column":50}},"loc":{"start":{"line":24,"column":65},"end":{"line":24,"column":75}}},"4":{"name":"(anonymous_4)","decl":{"start":{"line":48,"column":9},"end":{"line":48,"column":10}},"loc":{"start":{"line":49,"column":10},"end":{"line":141,"column":null}}},"5":{"name":"(anonymous_5)","decl":{"start":{"line":63,"column":22},"end":{"line":63,"column":23}},"loc":{"start":{"line":64,"column":24},"end":{"line":64,"column":null}}},"6":{"name":"(anonymous_6)","decl":{"start":{"line":66,"column":25},"end":{"line":66,"column":26}},"loc":{"start":{"line":67,"column":22},"end":{"line":89,"column":null}}},"7":{"name":"(anonymous_7)","decl":{"start":{"line":78,"column":25},"end":{"line":78,"column":26}},"loc":{"start":{"line":79,"column":26},"end":{"line":87,"column":null}}},"8":{"name":"(anonymous_8)","decl":{"start":{"line":94,"column":25},"end":{"line":94,"column":31}},"loc":{"start":{"line":94,"column":31},"end":{"line":94,"column":null}}},"9":{"name":"(anonymous_9)","decl":{"start":{"line":117,"column":22},"end":{"line":117,"column":23}},"loc":{"start":{"line":118,"column":24},"end":{"line":118,"column":null}}},"10":{"name":"(anonymous_10)","decl":{"start":{"line":120,"column":25},"end":{"line":120,"column":26}},"loc":{"start":{"line":121,"column":22},"end":{"line":136,"column":null}}},"11":{"name":"(anonymous_11)","decl":{"start":{"line":122,"column":25},"end":{"line":122,"column":26}},"loc":{"start":{"line":123,"column":26},"end":{"line":134,"column":null}}},"12":{"name":"(anonymous_12)","decl":{"start":{"line":22,"column":22},"end":{"line":22,"column":25}},"loc":{"start":{"line":22,"column":22},"end":{"line":24,"column":49}}}},"branchMap":{"0":{"loc":{"start":{"line":1,"column":25},"end":{"line":1,"column":null}},"type":"binary-expr","locations":[{"start":{"line":1,"column":25},"end":{"line":1,"column":null}},{"start":{"line":1,"column":25},"end":{"line":1,"column":null}}]},"1":{"loc":{"start":{"line":1,"column":25},"end":{"line":1,"column":null}},"type":"if","locations":[{"start":{"line":1,"column":25},"end":{"line":1,"column":null}}]},"2":{"loc":{"start":{"line":31,"column":4},"end":{"line":31,"column":null}},"type":"binary-expr","locations":[{"start":{"line":31,"column":4},"end":{"line":31,"column":19}},{"start":{"line":31,"column":19},"end":{"line":31,"column":null}}]},"3":{"loc":{"start":{"line":39,"column":12},"end":{"line":39,"column":null}},"type":"cond-expr","locations":[{"start":{"line":39,"column":25},"end":{"line":39,"column":38}},{"start":{"line":39,"column":38},"end":{"line":39,"column":null}}]},"4":{"loc":{"start":{"line":72,"column":26},"end":{"line":74,"column":null}},"type":"cond-expr","locations":[{"start":{"line":73,"column":30},"end":{"line":73,"column":null}},{"start":{"line":74,"column":30},"end":{"line":74,"column":null}}]},"5":{"loc":{"start":{"line":77,"column":38},"end":{"line":77,"column":null}},"type":"cond-expr","locations":[{"start":{"line":77,"column":53},"end":{"line":77,"column":62}},{"start":{"line":77,"column":62},"end":{"line":77,"column":null}}]},"6":{"loc":{"start":{"line":81,"column":30},"end":{"line":83,"column":null}},"type":"cond-expr","locations":[{"start":{"line":82,"column":34},"end":{"line":82,"column":null}},{"start":{"line":83,"column":34},"end":{"line":83,"column":null}}]},"7":{"loc":{"start":{"line":104,"column":19},"end":{"line":107,"column":null}},"type":"cond-expr","locations":[{"start":{"line":105,"column":20},"end":{"line":105,"column":null}},{"start":{"line":107,"column":20},"end":{"line":107,"column":null}}]},"8":{"loc":{"start":{"line":127,"column":30},"end":{"line":129,"column":null}},"type":"cond-expr","locations":[{"start":{"line":128,"column":34},"end":{"line":128,"column":null}},{"start":{"line":129,"column":34},"end":{"line":129,"column":null}}]},"9":{"loc":{"start":{"line":132,"column":42},"end":{"line":132,"column":null}},"type":"cond-expr","locations":[{"start":{"line":132,"column":57},"end":{"line":132,"column":66}},{"start":{"line":132,"column":66},"end":{"line":132,"column":null}}]}},"s":{"0":27,"1":220,"2":3,"3":12,"4":12,"5":12,"6":12,"7":12,"8":12,"9":12,"10":12,"11":26,"12":110,"13":110,"14":110,"15":0,"16":110,"17":110,"18":0,"19":3,"20":3,"21":3,"22":3},"f":{"0":3,"1":220,"2":12,"3":12,"4":26,"5":110,"6":110,"7":110,"8":0,"9":110,"10":110,"11":0,"12":3},"b":{"0":[6,3],"1":[3],"2":[12,2],"3":[10,2],"4":[26,84],"5":[26,84],"6":[0,110],"7":[0,26],"8":[0,0],"9":[0,0]}}
,"/media/disk/development/labbar/typescript-testing/labb-3/HopefulHarvest/frontend/src/UserRegistration.tsx": {"path":"/media/disk/development/labbar/typescript-testing/labb-3/HopefulHarvest/frontend/src/UserRegistration.tsx","statementMap":{"0":{"start":{"line":1,"column":32},"end":{"line":1,"column":null}},"1":{"start":{"line":25,"column":35},"end":{"line":247,"column":2}},"2":{"start":{"line":25,"column":41},"end":{"line":25,"column":null}},"3":{"start":{"line":26,"column":26},"end":{"line":26,"column":null}},"4":{"start":{"line":27,"column":34},"end":{"line":27,"column":null}},"5":{"start":{"line":28,"column":34},"end":{"line":28,"column":null}},"6":{"start":{"line":29,"column":28},"end":{"line":29,"column":null}},"7":{"start":{"line":30,"column":34},"end":{"line":30,"column":null}},"8":{"start":{"line":31,"column":32},"end":{"line":31,"column":null}},"9":{"start":{"line":32,"column":42},"end":{"line":32,"column":null}},"10":{"start":{"line":33,"column":38},"end":{"line":33,"column":null}},"11":{"start":{"line":34,"column":19},"end":{"line":34,"column":null}},"12":{"start":{"line":35,"column":29},"end":{"line":106,"column":null}},"13":{"start":{"line":36,"column":4},"end":{"line":36,"column":null}},"14":{"start":{"line":37,"column":4},"end":{"line":37,"column":null}},"15":{"start":{"line":39,"column":4},"end":{"line":105,"column":null}},"16":{"start":{"line":40,"column":6},"end":{"line":50,"column":null}},"17":{"start":{"line":49,"column":8},"end":{"line":49,"column":null}},"18":{"start":{"line":52,"column":25},"end":{"line":52,"column":null}},"19":{"start":{"line":53,"column":6},"end":{"line":55,"column":null}},"20":{"start":{"line":54,"column":8},"end":{"line":54,"column":null}},"21":{"start":{"line":58,"column":30},"end":{"line":58,"column":null}},"22":{"start":{"line":60,"column":6},"end":{"line":64,"column":null}},"23":{"start":{"line":61,"column":8},"end":{"line":63,"column":null}},"24":{"start":{"line":66,"column":29},"end":{"line":66,"column":null}},"25":{"start":{"line":69,"column":49},"end":{"line":77,"column":null}},"26":{"start":{"line":79,"column":6},"end":{"line":79,"column":null}},"27":{"start":{"line":80,"column":23},"end":{"line":89,"column":null}},"28":{"start":{"line":91,"column":6},"end":{"line":98,"column":null}},"29":{"start":{"line":92,"column":9},"end":{"line":92,"column":null}},"30":{"start":{"line":93,"column":8},"end":{"line":93,"column":null}},"31":{"start":{"line":95,"column":8},"end":{"line":95,"column":null}},"32":{"start":{"line":96,"column":26},"end":{"line":96,"column":null}},"33":{"start":{"line":97,"column":8},"end":{"line":97,"column":null}},"34":{"start":{"line":100,"column":6},"end":{"line":104,"column":null}},"35":{"start":{"line":101,"column":8},"end":{"line":101,"column":null}},"36":{"start":{"line":103,"column":8},"end":{"line":103,"column":null}},"37":{"start":{"line":109,"column":32},"end":{"line":114,"column":null}},"38":{"start":{"line":110,"column":5},"end":{"line":110,"column":null}},"39":{"start":{"line":113,"column":4},"end":{"line":113,"column":null}},"40":{"start":{"line":116,"column":23},"end":{"line":120,"column":null}},"41":{"start":{"line":118,"column":4},"end":{"line":118,"column":null}},"42":{"start":{"line":122,"column":2},"end":{"line":245,"column":null}},"43":{"start":{"line":144,"column":31},"end":{"line":144,"column":55}},"44":{"start":{"line":158,"column":31},"end":{"line":158,"column":59}},"45":{"start":{"line":172,"column":31},"end":{"line":172,"column":59}},"46":{"start":{"line":186,"column":31},"end":{"line":186,"column":56}},"47":{"start":{"line":200,"column":31},"end":{"line":200,"column":59}},"48":{"start":{"line":214,"column":31},"end":{"line":214,"column":58}},"49":{"start":{"line":228,"column":31},"end":{"line":228,"column":77}},"50":{"start":{"line":247,"column":2},"end":{"line":34,"column":31}},"51":{"start":{"line":25,"column":32},"end":{"line":34,"column":31}},"52":{"start":{"line":34,"column":30},"end":{"line":25,"column":32}},"53":{"start":{"line":249,"column":32},"end":{"line":249,"column":null}}},"fnMap":{"0":{"name":"(anonymous_0)","decl":{"start":{"line":1,"column":32},"end":{"line":1,"column":null}},"loc":{"start":{"line":1,"column":32},"end":{"line":1,"column":null}}},"1":{"name":"(anonymous_1)","decl":{"start":{"line":25,"column":35},"end":{"line":25,"column":41}},"loc":{"start":{"line":25,"column":41},"end":{"line":247,"column":2}}},"2":{"name":"(anonymous_2)","decl":{"start":{"line":35,"column":29},"end":{"line":35,"column":36}},"loc":{"start":{"line":35,"column":76},"end":{"line":106,"column":null}}},"3":{"name":"(anonymous_3)","decl":{"start":{"line":109,"column":32},"end":{"line":109,"column":39}},"loc":{"start":{"line":109,"column":75},"end":{"line":114,"column":null}}},"4":{"name":"(anonymous_4)","decl":{"start":{"line":116,"column":23},"end":{"line":116,"column":30}},"loc":{"start":{"line":116,"column":68},"end":{"line":120,"column":null}}},"5":{"name":"(anonymous_5)","decl":{"start":{"line":144,"column":26},"end":{"line":144,"column":31}},"loc":{"start":{"line":144,"column":31},"end":{"line":144,"column":55}}},"6":{"name":"(anonymous_6)","decl":{"start":{"line":158,"column":26},"end":{"line":158,"column":31}},"loc":{"start":{"line":158,"column":31},"end":{"line":158,"column":59}}},"7":{"name":"(anonymous_7)","decl":{"start":{"line":172,"column":26},"end":{"line":172,"column":31}},"loc":{"start":{"line":172,"column":31},"end":{"line":172,"column":59}}},"8":{"name":"(anonymous_8)","decl":{"start":{"line":186,"column":26},"end":{"line":186,"column":31}},"loc":{"start":{"line":186,"column":31},"end":{"line":186,"column":56}}},"9":{"name":"(anonymous_9)","decl":{"start":{"line":200,"column":26},"end":{"line":200,"column":31}},"loc":{"start":{"line":200,"column":31},"end":{"line":200,"column":59}}},"10":{"name":"(anonymous_10)","decl":{"start":{"line":214,"column":26},"end":{"line":214,"column":31}},"loc":{"start":{"line":214,"column":31},"end":{"line":214,"column":58}}},"11":{"name":"(anonymous_11)","decl":{"start":{"line":228,"column":26},"end":{"line":228,"column":31}},"loc":{"start":{"line":228,"column":31},"end":{"line":228,"column":77}}},"12":{"name":"(anonymous_12)","decl":{"start":{"line":25,"column":32},"end":{"line":25,"column":35}},"loc":{"start":{"line":25,"column":32},"end":{"line":34,"column":31}}}},"branchMap":{"0":{"loc":{"start":{"line":1,"column":32},"end":{"line":1,"column":null}},"type":"binary-expr","locations":[{"start":{"line":1,"column":32},"end":{"line":1,"column":null}},{"start":{"line":1,"column":32},"end":{"line":1,"column":null}}]},"1":{"loc":{"start":{"line":1,"column":32},"end":{"line":1,"column":null}},"type":"if","locations":[{"start":{"line":1,"column":32},"end":{"line":1,"column":null}}]},"2":{"loc":{"start":{"line":40,"column":6},"end":{"line":50,"column":null}},"type":"if","locations":[{"start":{"line":40,"column":6},"end":{"line":50,"column":null}}]},"3":{"loc":{"start":{"line":41,"column":8},"end":{"line":47,"column":null}},"type":"binary-expr","locations":[{"start":{"line":41,"column":8},"end":{"line":41,"column":null}},{"start":{"line":42,"column":8},"end":{"line":42,"column":null}},{"start":{"line":43,"column":8},"end":{"line":43,"column":null}},{"start":{"line":44,"column":8},"end":{"line":44,"column":null}},{"start":{"line":45,"column":8},"end":{"line":45,"column":null}},{"start":{"line":46,"column":8},"end":{"line":46,"column":null}},{"start":{"line":47,"column":8},"end":{"line":47,"column":null}}]},"4":{"loc":{"start":{"line":53,"column":6},"end":{"line":55,"column":null}},"type":"if","locations":[{"start":{"line":53,"column":6},"end":{"line":55,"column":null}}]},"5":{"loc":{"start":{"line":60,"column":6},"end":{"line":64,"column":null}},"type":"if","locations":[{"start":{"line":60,"column":6},"end":{"line":64,"column":null}}]},"6":{"loc":{"start":{"line":91,"column":6},"end":{"line":98,"column":null}},"type":"if","locations":[{"start":{"line":91,"column":6},"end":{"line":98,"column":null}},{"start":{"line":94,"column":13},"end":{"line":98,"column":null}}]},"7":{"loc":{"start":{"line":100,"column":6},"end":{"line":104,"column":null}},"type":"if","locations":[{"start":{"line":100,"column":6},"end":{"line":104,"column":null}},{"start":{"line":102,"column":13},"end":{"line":104,"column":null}}]},"8":{"loc":{"start":{"line":146,"column":15},"end":{"line":149,"column":null}},"type":"binary-expr","locations":[{"start":{"line":146,"column":15},"end":{"line":146,"column":29}},{"start":{"line":146,"column":29},"end":{"line":146,"column":null}},{"start":{"line":147,"column":16},"end":{"line":149,"column":null}}]},"9":{"loc":{"start":{"line":160,"column":15},"end":{"line":163,"column":null}},"type":"binary-expr","locations":[{"start":{"line":160,"column":15},"end":{"line":160,"column":29}},{"start":{"line":160,"column":29},"end":{"line":160,"column":null}},{"start":{"line":161,"column":16},"end":{"line":163,"column":null}}]},"10":{"loc":{"start":{"line":174,"column":15},"end":{"line":177,"column":null}},"type":"binary-expr","locations":[{"start":{"line":174,"column":15},"end":{"line":174,"column":29}},{"start":{"line":174,"column":29},"end":{"line":174,"column":null}},{"start":{"line":175,"column":16},"end":{"line":177,"column":null}}]},"11":{"loc":{"start":{"line":188,"column":15},"end":{"line":191,"column":null}},"type":"binary-expr","locations":[{"start":{"line":188,"column":15},"end":{"line":188,"column":29}},{"start":{"line":188,"column":29},"end":{"line":188,"column":null}},{"start":{"line":189,"column":16},"end":{"line":191,"column":null}}]},"12":{"loc":{"start":{"line":202,"column":15},"end":{"line":205,"column":null}},"type":"binary-expr","locations":[{"start":{"line":202,"column":15},"end":{"line":202,"column":29}},{"start":{"line":202,"column":29},"end":{"line":202,"column":null}},{"start":{"line":203,"column":16},"end":{"line":205,"column":null}}]},"13":{"loc":{"start":{"line":216,"column":15},"end":{"line":219,"column":null}},"type":"binary-expr","locations":[{"start":{"line":216,"column":15},"end":{"line":216,"column":29}},{"start":{"line":216,"column":29},"end":{"line":216,"column":null}},{"start":{"line":217,"column":16},"end":{"line":219,"column":null}}]},"14":{"loc":{"start":{"line":230,"column":15},"end":{"line":233,"column":null}},"type":"binary-expr","locations":[{"start":{"line":230,"column":15},"end":{"line":230,"column":29}},{"start":{"line":230,"column":29},"end":{"line":230,"column":null}},{"start":{"line":231,"column":16},"end":{"line":233,"column":null}}]}},"s":{"0":27,"1":3,"2":0,"3":0,"4":0,"5":0,"6":0,"7":0,"8":0,"9":0,"10":0,"11":0,"12":0,"13":0,"14":0,"15":0,"16":0,"17":0,"18":0,"19":0,"20":0,"21":0,"22":0,"23":0,"24":0,"25":0,"26":0,"27":0,"28":0,"29":0,"30":0,"31":0,"32":0,"33":0,"34":0,"35":0,"36":0,"37":0,"38":0,"39":0,"40":0,"41":0,"42":0,"43":0,"44":0,"45":0,"46":0,"47":0,"48":0,"49":0,"50":3,"51":0,"52":3,"53":3},"f":{"0":3,"1":0,"2":0,"3":0,"4":0,"5":0,"6":0,"7":0,"8":0,"9":0,"10":0,"11":0,"12":0},"b":{"0":[6,3],"1":[3],"2":[0],"3":[0,0,0,0,0,0,0],"4":[0],"5":[0],"6":[0,0],"7":[0,0],"8":[0,0,0],"9":[0,0,0],"10":[0,0,0],"11":[0,0,0],"12":[0,0,0],"13":[0,0,0],"14":[0,0,0]}}
,"/media/disk/development/labbar/typescript-testing/labb-3/HopefulHarvest/frontend/src/login.tsx": {"path":"/media/disk/development/labbar/typescript-testing/labb-3/HopefulHarvest/frontend/src/login.tsx","statementMap":{"0":{"start":{"line":1,"column":39},"end":{"line":1,"column":null}},"1":{"start":{"line":4,"column":24},"end":{"line":83,"column":2}},"2":{"start":{"line":4,"column":30},"end":{"line":4,"column":null}},"3":{"start":{"line":5,"column":34},"end":{"line":5,"column":null}},"4":{"start":{"line":6,"column":34},"end":{"line":6,"column":null}},"5":{"start":{"line":7,"column":28},"end":{"line":7,"column":null}},"6":{"start":{"line":8,"column":19},"end":{"line":8,"column":null}},"7":{"start":{"line":10,"column":22},"end":{"line":36,"column":null}},"8":{"start":{"line":11,"column":4},"end":{"line":11,"column":null}},"9":{"start":{"line":12,"column":4},"end":{"line":35,"column":null}},"10":{"start":{"line":13,"column":23},"end":{"line":19,"column":null}},"11":{"start":{"line":21,"column":6},"end":{"line":31,"column":null}},"12":{"start":{"line":22,"column":8},"end":{"line":22,"column":null}},"13":{"start":{"line":23,"column":23},"end":{"line":23,"column":null}},"14":{"start":{"line":24,"column":8},"end":{"line":24,"column":null}},"15":{"start":{"line":25,"column":8},"end":{"line":25,"column":null}},"16":{"start":{"line":26,"column":8},"end":{"line":26,"column":null}},"17":{"start":{"line":28,"column":8},"end":{"line":28,"column":null}},"18":{"start":{"line":30,"column":8},"end":{"line":30,"column":null}},"19":{"start":{"line":33,"column":6},"end":{"line":33,"column":null}},"20":{"start":{"line":34,"column":6},"end":{"line":34,"column":null}},"21":{"start":{"line":37,"column":2},"end":{"line":81,"column":null}},"22":{"start":{"line":52,"column":29},"end":{"line":52,"column":57}},"23":{"start":{"line":64,"column":29},"end":{"line":64,"column":57}},"24":{"start":{"line":83,"column":2},"end":{"line":8,"column":31}},"25":{"start":{"line":4,"column":21},"end":{"line":8,"column":31}},"26":{"start":{"line":8,"column":30},"end":{"line":4,"column":21}},"27":{"start":{"line":85,"column":21},"end":{"line":85,"column":null}}},"fnMap":{"0":{"name":"(anonymous_0)","decl":{"start":{"line":1,"column":39},"end":{"line":1,"column":null}},"loc":{"start":{"line":1,"column":39},"end":{"line":1,"column":null}}},"1":{"name":"(anonymous_1)","decl":{"start":{"line":4,"column":24},"end":{"line":4,"column":30}},"loc":{"start":{"line":4,"column":30},"end":{"line":83,"column":2}}},"2":{"name":"(anonymous_2)","decl":{"start":{"line":10,"column":22},"end":{"line":10,"column":29}},"loc":{"start":{"line":10,"column":69},"end":{"line":36,"column":null}}},"3":{"name":"(anonymous_3)","decl":{"start":{"line":52,"column":24},"end":{"line":52,"column":29}},"loc":{"start":{"line":52,"column":29},"end":{"line":52,"column":57}}},"4":{"name":"(anonymous_4)","decl":{"start":{"line":64,"column":24},"end":{"line":64,"column":29}},"loc":{"start":{"line":64,"column":29},"end":{"line":64,"column":57}}},"5":{"name":"(anonymous_5)","decl":{"start":{"line":4,"column":21},"end":{"line":4,"column":24}},"loc":{"start":{"line":4,"column":21},"end":{"line":8,"column":31}}}},"branchMap":{"0":{"loc":{"start":{"line":1,"column":39},"end":{"line":1,"column":null}},"type":"binary-expr","locations":[{"start":{"line":1,"column":39},"end":{"line":1,"column":null}},{"start":{"line":1,"column":39},"end":{"line":1,"column":null}}]},"1":{"loc":{"start":{"line":1,"column":39},"end":{"line":1,"column":null}},"type":"if","locations":[{"start":{"line":1,"column":39},"end":{"line":1,"column":null}}]},"2":{"loc":{"start":{"line":21,"column":6},"end":{"line":31,"column":null}},"type":"if","locations":[{"start":{"line":21,"column":6},"end":{"line":31,"column":null}},{"start":{"line":29,"column":13},"end":{"line":31,"column":null}}]},"3":{"loc":{"start":{"line":41,"column":9},"end":{"line":41,"column":null}},"type":"binary-expr","locations":[{"start":{"line":41,"column":9},"end":{"line":41,"column":18}},{"start":{"line":41,"column":18},"end":{"line":41,"column":null}}]}},"s":{"0":27,"1":3,"2":28,"3":28,"4":28,"5":28,"6":28,"7":28,"8":1,"9":1,"10":1,"11":1,"12":1,"13":1,"14":1,"15":1,"16":1,"17":1,"18":0,"19":0,"20":0,"21":28,"22":9,"23":4,"24":3,"25":1,"26":3,"27":3},"f":{"0":3,"1":28,"2":1,"3":9,"4":4,"5":1},"b":{"0":[6,3],"1":[3],"2":[1,0],"3":[28,0]}}
,"/media/disk/development/labbar/typescript-testing/labb-3/HopefulHarvest/frontend/src/logout.tsx": {"path":"/media/disk/development/labbar/typescript-testing/labb-3/HopefulHarvest/frontend/src/logout.tsx","statementMap":{"0":{"start":{"line":1,"column":25},"end":{"line":1,"column":null}},"1":{"start":{"line":5,"column":25},"end":{"line":20,"column":2}},"2":{"start":{"line":5,"column":31},"end":{"line":5,"column":null}},"3":{"start":{"line":6,"column":19},"end":{"line":6,"column":null}},"4":{"start":{"line":8,"column":23},"end":{"line":17,"column":null}},"5":{"start":{"line":9,"column":4},"end":{"line":16,"column":null}},"6":{"start":{"line":10,"column":6},"end":{"line":10,"column":null}},"7":{"start":{"line":11,"column":6},"end":{"line":11,"column":null}},"8":{"start":{"line":13,"column":6},"end":{"line":13,"column":null}},"9":{"start":{"line":15,"column":6},"end":{"line":15,"column":null}},"10":{"start":{"line":19,"column":2},"end":{"line":19,"column":null}},"11":{"start":{"line":20,"column":2},"end":{"line":6,"column":31}},"12":{"start":{"line":5,"column":22},"end":{"line":6,"column":31}},"13":{"start":{"line":6,"column":30},"end":{"line":5,"column":22}},"14":{"start":{"line":22,"column":22},"end":{"line":22,"column":null}}},"fnMap":{"0":{"name":"(anonymous_0)","decl":{"start":{"line":1,"column":25},"end":{"line":1,"column":null}},"loc":{"start":{"line":1,"column":25},"end":{"line":1,"column":null}}},"1":{"name":"(anonymous_1)","decl":{"start":{"line":5,"column":25},"end":{"line":5,"column":31}},"loc":{"start":{"line":5,"column":31},"end":{"line":20,"column":2}}},"2":{"name":"(anonymous_2)","decl":{"start":{"line":8,"column":23},"end":{"line":8,"column":35}},"loc":{"start":{"line":8,"column":35},"end":{"line":17,"column":null}}},"3":{"name":"(anonymous_3)","decl":{"start":{"line":5,"column":22},"end":{"line":5,"column":25}},"loc":{"start":{"line":5,"column":22},"end":{"line":6,"column":31}}}},"branchMap":{"0":{"loc":{"start":{"line":1,"column":25},"end":{"line":1,"column":null}},"type":"binary-expr","locations":[{"start":{"line":1,"column":25},"end":{"line":1,"column":null}},{"start":{"line":1,"column":25},"end":{"line":1,"column":null}}]},"1":{"loc":{"start":{"line":1,"column":25},"end":{"line":1,"column":null}},"type":"if","locations":[{"start":{"line":1,"column":25},"end":{"line":1,"column":null}}]}},"s":{"0":27,"1":3,"2":36,"3":36,"4":36,"5":0,"6":0,"7":0,"8":0,"9":0,"10":36,"11":3,"12":3,"13":3,"14":3},"f":{"0":3,"1":36,"2":0,"3":3},"b":{"0":[6,3],"1":[3]}}
,"/media/disk/development/labbar/typescript-testing/labb-3/HopefulHarvest/frontend/src/main.tsx": {"path":"/media/disk/development/labbar/typescript-testing/labb-3/HopefulHarvest/frontend/src/main.tsx","statementMap":{"0":{"start":{"line":19,"column":15},"end":{"line":73,"column":null}},"1":{"start":{"line":75,"column":0},"end":{"line":81,"column":null}}},"fnMap":{},"branchMap":{},"s":{"0":3,"1":3},"f":{},"b":{}}
,"/media/disk/development/labbar/typescript-testing/labb-3/HopefulHarvest/frontend/src/openModal.tsx": {"path":"/media/disk/development/labbar/typescript-testing/labb-3/HopefulHarvest/frontend/src/openModal.tsx","statementMap":{"0":{"start":{"line":1,"column":0},"end":{"line":1,"column":null}},"1":{"start":{"line":19,"column":2},"end":{"line":54,"column":null}},"2":{"start":{"line":56,"column":1},"end":{"line":18,"column":20}},"3":{"start":{"line":58,"column":26},"end":{"line":58,"column":null}}},"fnMap":{"0":{"name":"(anonymous_0)","decl":{"start":{"line":1,"column":0},"end":{"line":1,"column":null}},"loc":{"start":{"line":1,"column":0},"end":{"line":1,"column":null}}},"1":{"name":"BasicUsage","decl":{"start":{"line":18,"column":9},"end":{"line":18,"column":20}},"loc":{"start":{"line":18,"column":58},"end":{"line":56,"column":1}}}},"branchMap":{"0":{"loc":{"start":{"line":1,"column":0},"end":{"line":1,"column":null}},"type":"binary-expr","locations":[{"start":{"line":1,"column":0},"end":{"line":1,"column":null}},{"start":{"line":1,"column":0},"end":{"line":1,"column":null}}]},"1":{"loc":{"start":{"line":1,"column":0},"end":{"line":1,"column":null}},"type":"if","locations":[{"start":{"line":1,"column":0},"end":{"line":1,"column":null}}]}},"s":{"0":24,"1":6,"2":3,"3":3},"f":{"0":3,"1":6},"b":{"0":[6,3],"1":[3]}}
,"/media/disk/development/labbar/typescript-testing/labb-3/HopefulHarvest/frontend/src/components/Cart/CartItem.tsx": {"path":"/media/disk/development/labbar/typescript-testing/labb-3/HopefulHarvest/frontend/src/components/Cart/CartItem.tsx","statementMap":{"0":{"start":{"line":1,"column":0},"end":{"line":1,"column":null}},"1":{"start":{"line":30,"column":23},"end":{"line":43,"column":2}},"2":{"start":{"line":30,"column":47},"end":{"line":30,"column":null}},"3":{"start":{"line":31,"column":2},"end":{"line":41,"column":null}},"4":{"start":{"line":43,"column":2},"end":{"line":35,"column":42}},"5":{"start":{"line":30,"column":20},"end":{"line":35,"column":42}},"6":{"start":{"line":35,"column":41},"end":{"line":30,"column":20}},"7":{"start":{"line":45,"column":24},"end":{"line":98,"column":2}},"8":{"start":{"line":45,"column":74},"end":{"line":45,"column":null}},"9":{"start":{"line":46,"column":25},"end":{"line":48,"column":null}},"10":{"start":{"line":47,"column":20},"end":{"line":47,"column":null}},"11":{"start":{"line":50,"column":2},"end":{"line":96,"column":null}},"12":{"start":{"line":71,"column":25},"end":{"line":71,"column":51}},"13":{"start":{"line":83,"column":25},"end":{"line":83,"column":null}},"14":{"start":{"line":98,"column":2},"end":{"line":46,"column":null}},"15":{"start":{"line":45,"column":21},"end":{"line":46,"column":null}},"16":{"start":{"line":46,"column":45},"end":{"line":45,"column":21}},"17":{"start":{"line":45,"column":21},"end":{"line":45,"column":24}}},"fnMap":{"0":{"name":"(anonymous_0)","decl":{"start":{"line":1,"column":0},"end":{"line":1,"column":null}},"loc":{"start":{"line":1,"column":0},"end":{"line":1,"column":null}}},"1":{"name":"(anonymous_1)","decl":{"start":{"line":30,"column":23},"end":{"line":30,"column":24}},"loc":{"start":{"line":30,"column":47},"end":{"line":43,"column":2}}},"2":{"name":"(anonymous_2)","decl":{"start":{"line":30,"column":20},"end":{"line":30,"column":23}},"loc":{"start":{"line":30,"column":20},"end":{"line":35,"column":42}}},"3":{"name":"(anonymous_3)","decl":{"start":{"line":45,"column":24},"end":{"line":45,"column":25}},"loc":{"start":{"line":45,"column":74},"end":{"line":98,"column":2}}},"4":{"name":"(anonymous_4)","decl":{"start":{"line":47,"column":4},"end":{"line":47,"column":5}},"loc":{"start":{"line":47,"column":20},"end":{"line":47,"column":null}}},"5":{"name":"(anonymous_5)","decl":{"start":{"line":71,"column":19},"end":{"line":71,"column":25}},"loc":{"start":{"line":71,"column":25},"end":{"line":71,"column":51}}},"6":{"name":"(anonymous_6)","decl":{"start":{"line":83,"column":19},"end":{"line":83,"column":25}},"loc":{"start":{"line":83,"column":25},"end":{"line":83,"column":null}}},"7":{"name":"(anonymous_7)","decl":{"start":{"line":45,"column":21},"end":{"line":45,"column":24}},"loc":{"start":{"line":45,"column":21},"end":{"line":46,"column":null}}}},"branchMap":{"0":{"loc":{"start":{"line":1,"column":0},"end":{"line":1,"column":null}},"type":"binary-expr","locations":[{"start":{"line":1,"column":0},"end":{"line":1,"column":null}},{"start":{"line":1,"column":0},"end":{"line":1,"column":null}}]},"1":{"loc":{"start":{"line":1,"column":0},"end":{"line":1,"column":null}},"type":"if","locations":[{"start":{"line":1,"column":0},"end":{"line":1,"column":null}}]}},"s":{"0":33,"1":3,"2":0,"3":0,"4":3,"5":0,"6":3,"7":3,"8":0,"9":0,"10":0,"11":0,"12":0,"13":0,"14":3,"15":0,"16":3,"17":6},"f":{"0":6,"1":0,"2":0,"3":0,"4":0,"5":0,"6":0,"7":0},"b":{"0":[6,3],"1":[3]}}
,"/media/disk/development/labbar/typescript-testing/labb-3/HopefulHarvest/frontend/src/components/Cart/CartOrderSummary.tsx": {"path":"/media/disk/development/labbar/typescript-testing/labb-3/HopefulHarvest/frontend/src/components/Cart/CartOrderSummary.tsx","statementMap":{"0":{"start":{"line":1,"column":38},"end":{"line":1,"column":null}},"1":{"start":{"line":1,"column":75},"end":{"line":1,"column":null}},"2":{"start":{"line":9,"column":25},"end":{"line":17,"column":2}},"3":{"start":{"line":10,"column":37},"end":{"line":10,"column":null}},"4":{"start":{"line":11,"column":2},"end":{"line":15,"column":null}},"5":{"start":{"line":17,"column":2},"end":{"line":9,"column":25}},"6":{"start":{"line":19,"column":43},"end":{"line":19,"column":null}},"7":{"start":{"line":20,"column":24},"end":{"line":20,"column":null}},"8":{"start":{"line":20,"column":61},"end":{"line":20,"column":71}},"9":{"start":{"line":22,"column":21},"end":{"line":22,"column":null}},"10":{"start":{"line":22,"column":54},"end":{"line":22,"column":72}},"11":{"start":{"line":23,"column":20},"end":{"line":23,"column":null}},"12":{"start":{"line":23,"column":57},"end":{"line":23,"column":68}},"13":{"start":{"line":24,"column":2},"end":{"line":68,"column":null}},"14":{"start":{"line":33,"column":60},"end":{"line":33,"column":65}},"15":{"start":{"line":53,"column":60},"end":{"line":53,"column":65}},"16":{"start":{"line":61,"column":23},"end":{"line":61,"column":null}},"17":{"start":{"line":70,"column":1},"end":{"line":23,"column":41}},"18":{"start":{"line":19,"column":40},"end":{"line":23,"column":41}},"19":{"start":{"line":23,"column":40},"end":{"line":19,"column":40}},"20":{"start":{"line":19,"column":40},"end":{"line":19,"column":43}}},"fnMap":{"0":{"name":"(anonymous_0)","decl":{"start":{"line":1,"column":75},"end":{"line":1,"column":null}},"loc":{"start":{"line":1,"column":75},"end":{"line":1,"column":null}}},"1":{"name":"(anonymous_1)","decl":{"start":{"line":9,"column":25},"end":{"line":9,"column":26}},"loc":{"start":{"line":9,"column":59},"end":{"line":17,"column":2}}},"2":{"name":"CartOrderSummary","decl":{"start":{"line":19,"column":24},"end":{"line":19,"column":40}},"loc":{"start":{"line":19,"column":43},"end":{"line":70,"column":1}}},"3":{"name":"(anonymous_3)","decl":{"start":{"line":20,"column":45},"end":{"line":20,"column":46}},"loc":{"start":{"line":20,"column":61},"end":{"line":20,"column":71}}},"4":{"name":"(anonymous_4)","decl":{"start":{"line":22,"column":39},"end":{"line":22,"column":40}},"loc":{"start":{"line":22,"column":54},"end":{"line":22,"column":72}}},"5":{"name":"(anonymous_5)","decl":{"start":{"line":23,"column":41},"end":{"line":23,"column":42}},"loc":{"start":{"line":23,"column":57},"end":{"line":23,"column":68}}},"6":{"name":"(anonymous_6)","decl":{"start":{"line":33,"column":34},"end":{"line":33,"column":35}},"loc":{"start":{"line":33,"column":60},"end":{"line":33,"column":65}}},"7":{"name":"(anonymous_7)","decl":{"start":{"line":53,"column":34},"end":{"line":53,"column":35}},"loc":{"start":{"line":53,"column":60},"end":{"line":53,"column":65}}},"8":{"name":"(anonymous_8)","decl":{"start":{"line":61,"column":17},"end":{"line":61,"column":23}},"loc":{"start":{"line":61,"column":23},"end":{"line":61,"column":null}}},"9":{"name":"(anonymous_9)","decl":{"start":{"line":19,"column":40},"end":{"line":19,"column":43}},"loc":{"start":{"line":19,"column":40},"end":{"line":23,"column":41}}}},"branchMap":{"0":{"loc":{"start":{"line":1,"column":38},"end":{"line":1,"column":null}},"type":"binary-expr","locations":[{"start":{"line":1,"column":38},"end":{"line":1,"column":75}},{"start":{"line":1,"column":75},"end":{"line":1,"column":null}}]},"1":{"loc":{"start":{"line":1,"column":75},"end":{"line":1,"column":null}},"type":"if","locations":[{"start":{"line":1,"column":75},"end":{"line":1,"column":null}}]},"2":{"loc":{"start":{"line":1,"column":75},"end":{"line":1,"column":null}},"type":"binary-expr","locations":[{"start":{"line":1,"column":75},"end":{"line":1,"column":null}},{"start":{"line":1,"column":75},"end":{"line":1,"column":null}}]},"3":{"loc":{"start":{"line":14,"column":7},"end":{"line":14,"column":null}},"type":"cond-expr","locations":[{"start":{"line":14,"column":15},"end":{"line":14,"column":58}},{"start":{"line":14,"column":58},"end":{"line":14,"column":null}}]},"4":{"loc":{"start":{"line":32,"column":12},"end":{"line":34,"column":null}},"type":"cond-expr","locations":[{"start":{"line":33,"column":16},"end":{"line":33,"column":null}},{"start":{"line":34,"column":16},"end":{"line":34,"column":null}}]},"5":{"loc":{"start":{"line":52,"column":13},"end":{"line":54,"column":null}},"type":"cond-expr","locations":[{"start":{"line":53,"column":16},"end":{"line":53,"column":null}},{"start":{"line":54,"column":16},"end":{"line":54,"column":null}}]}},"s":{"0":3,"1":27,"2":3,"3":0,"4":0,"5":3,"6":0,"7":0,"8":0,"9":0,"10":0,"11":0,"12":0,"13":0,"14":0,"15":0,"16":0,"17":3,"18":0,"19":3,"20":6},"f":{"0":6,"1":0,"2":0,"3":0,"4":0,"5":0,"6":0,"7":0,"8":0,"9":0},"b":{"0":[3,0],"1":[3],"2":[3,3],"3":[0,0],"4":[0,0],"5":[0,0]}}
,"/media/disk/development/labbar/typescript-testing/labb-3/HopefulHarvest/frontend/src/components/Cart/CartProductMeta.tsx": {"path":"/media/disk/development/labbar/typescript-testing/labb-3/HopefulHarvest/frontend/src/components/Cart/CartProductMeta.tsx","statementMap":{"0":{"start":{"line":1,"column":0},"end":{"line":1,"column":null}},"1":{"start":{"line":19,"column":31},"end":{"line":51,"column":2}},"2":{"start":{"line":20,"column":62},"end":{"line":20,"column":null}},"3":{"start":{"line":21,"column":2},"end":{"line":49,"column":null}},"4":{"start":{"line":51,"column":2},"end":{"line":19,"column":28}},"5":{"start":{"line":19,"column":28},"end":{"line":19,"column":31}}},"fnMap":{"0":{"name":"(anonymous_0)","decl":{"start":{"line":1,"column":0},"end":{"line":1,"column":null}},"loc":{"start":{"line":1,"column":0},"end":{"line":1,"column":null}}},"1":{"name":"(anonymous_1)","decl":{"start":{"line":19,"column":31},"end":{"line":19,"column":32}},"loc":{"start":{"line":19,"column":64},"end":{"line":51,"column":2}}}},"branchMap":{"0":{"loc":{"start":{"line":1,"column":0},"end":{"line":1,"column":null}},"type":"binary-expr","locations":[{"start":{"line":1,"column":0},"end":{"line":1,"column":null}},{"start":{"line":1,"column":0},"end":{"line":1,"column":null}}]},"1":{"loc":{"start":{"line":1,"column":0},"end":{"line":1,"column":null}},"type":"if","locations":[{"start":{"line":1,"column":0},"end":{"line":1,"column":null}}]},"2":{"loc":{"start":{"line":20,"column":10},"end":{"line":20,"column":33}},"type":"default-arg","locations":[{"start":{"line":20,"column":27},"end":{"line":20,"column":33}}]},"3":{"loc":{"start":{"line":40,"column":9},"end":{"line":46,"column":null}},"type":"binary-expr","locations":[{"start":{"line":40,"column":9},"end":{"line":40,"column":null}},{"start":{"line":41,"column":10},"end":{"line":46,"column":null}}]}},"s":{"0":24,"1":3,"2":0,"3":0,"4":3,"5":3},"f":{"0":3,"1":0},"b":{"0":[6,3],"1":[3],"2":[0],"3":[0,0]}}
,"/media/disk/development/labbar/typescript-testing/labb-3/HopefulHarvest/frontend/src/components/Cart/PriceTag.tsx": {"path":"/media/disk/development/labbar/typescript-testing/labb-3/HopefulHarvest/frontend/src/components/Cart/PriceTag.tsx","statementMap":{"0":{"start":{"line":1,"column":0},"end":{"line":1,"column":null}},"1":{"start":{"line":25,"column":49},"end":{"line":25,"column":null}},"2":{"start":{"line":26,"column":20},"end":{"line":30,"column":null}},"3":{"start":{"line":31,"column":2},"end":{"line":31,"column":null}},"4":{"start":{"line":34,"column":24},"end":{"line":49,"column":2}},"5":{"start":{"line":36,"column":4},"end":{"line":36,"column":null}},"6":{"start":{"line":37,"column":2},"end":{"line":47,"column":null}},"7":{"start":{"line":49,"column":2},"end":{"line":34,"column":24}},"8":{"start":{"line":57,"column":14},"end":{"line":72,"column":2}},"9":{"start":{"line":58,"column":44},"end":{"line":58,"column":null}},"10":{"start":{"line":59,"column":23},"end":{"line":59,"column":null}},"11":{"start":{"line":60,"column":22},"end":{"line":60,"column":null}},"12":{"start":{"line":61,"column":16},"end":{"line":61,"column":null}},"13":{"start":{"line":62,"column":2},"end":{"line":70,"column":null}},"14":{"start":{"line":72,"column":2},"end":{"line":57,"column":14}},"15":{"start":{"line":74,"column":18},"end":{"line":79,"column":null}},"16":{"start":{"line":75,"column":2},"end":{"line":79,"column":null}},"17":{"start":{"line":81,"column":2},"end":{"line":74,"column":15}},"18":{"start":{"line":74,"column":15},"end":{"line":74,"column":18}}},"fnMap":{"0":{"name":"(anonymous_0)","decl":{"start":{"line":1,"column":0},"end":{"line":1,"column":null}},"loc":{"start":{"line":1,"column":0},"end":{"line":1,"column":null}}},"1":{"name":"formatPrice","decl":{"start":{"line":21,"column":16},"end":{"line":21,"column":null}},"loc":{"start":{"line":24,"column":2},"end":{"line":32,"column":null}}},"2":{"name":"(anonymous_2)","decl":{"start":{"line":34,"column":24},"end":{"line":34,"column":25}},"loc":{"start":{"line":34,"column":50},"end":{"line":49,"column":2}}},"3":{"name":"(anonymous_3)","decl":{"start":{"line":57,"column":14},"end":{"line":57,"column":15}},"loc":{"start":{"line":57,"column":37},"end":{"line":72,"column":2}}},"4":{"name":"(anonymous_4)","decl":{"start":{"line":74,"column":18},"end":{"line":74,"column":19}},"loc":{"start":{"line":75,"column":2},"end":{"line":79,"column":null}}}},"branchMap":{"0":{"loc":{"start":{"line":1,"column":0},"end":{"line":1,"column":null}},"type":"binary-expr","locations":[{"start":{"line":1,"column":0},"end":{"line":1,"column":null}},{"start":{"line":1,"column":0},"end":{"line":1,"column":null}}]},"1":{"loc":{"start":{"line":1,"column":0},"end":{"line":1,"column":null}},"type":"if","locations":[{"start":{"line":1,"column":0},"end":{"line":1,"column":null}}]},"2":{"loc":{"start":{"line":23,"column":2},"end":{"line":23,"column":null}},"type":"default-arg","locations":[{"start":{"line":23,"column":49},"end":{"line":23,"column":null}}]},"3":{"loc":{"start":{"line":25,"column":10},"end":{"line":25,"column":28}},"type":"default-arg","locations":[{"start":{"line":25,"column":19},"end":{"line":25,"column":28}}]},"4":{"loc":{"start":{"line":25,"column":28},"end":{"line":25,"column":45}},"type":"default-arg","locations":[{"start":{"line":25,"column":39},"end":{"line":25,"column":45}}]},"5":{"loc":{"start":{"line":42,"column":7},"end":{"line":45,"column":null}},"type":"binary-expr","locations":[{"start":{"line":42,"column":7},"end":{"line":42,"column":null}},{"start":{"line":43,"column":8},"end":{"line":45,"column":null}}]},"6":{"loc":{"start":{"line":61,"column":16},"end":{"line":61,"column":null}},"type":"cond-expr","locations":[{"start":{"line":61,"column":27},"end":{"line":61,"column":41}},{"start":{"line":61,"column":41},"end":{"line":61,"column":null}}]},"7":{"loc":{"start":{"line":67,"column":22},"end":{"line":67,"column":null}},"type":"cond-expr","locations":[{"start":{"line":67,"column":33},"end":{"line":67,"column":50}},{"start":{"line":67,"column":50},"end":{"line":67,"column":null}}]}},"s":{"0":30,"1":0,"2":0,"3":0,"4":3,"5":0,"6":0,"7":3,"8":3,"9":0,"10":0,"11":0,"12":0,"13":0,"14":3,"15":3,"16":0,"17":3,"18":9},"f":{"0":9,"1":0,"2":0,"3":0,"4":0},"b":{"0":[6,3],"1":[3],"2":[0],"3":[0],"4":[0],"5":[0,0],"6":[0,0],"7":[0,0]}}
,"/media/disk/development/labbar/typescript-testing/labb-3/HopefulHarvest/frontend/src/components/Charts/DashboardSoldPerMonthChart.tsx": {"path":"/media/disk/development/labbar/typescript-testing/labb-3/HopefulHarvest/frontend/src/components/Charts/DashboardSoldPerMonthChart.tsx","statementMap":{"0":{"start":{"line":1,"column":0},"end":{"line":1,"column":null}},"1":{"start":{"line":13,"column":2},"end":{"line":20,"column":null}},"2":{"start":{"line":21,"column":15},"end":{"line":58,"column":null}},"3":{"start":{"line":59,"column":2},"end":{"line":59,"column":null}},"4":{"start":{"line":60,"column":1},"end":{"line":12,"column":42}},"5":{"start":{"line":12,"column":42},"end":{"line":12,"column":45}}},"fnMap":{"0":{"name":"(anonymous_0)","decl":{"start":{"line":1,"column":0},"end":{"line":1,"column":null}},"loc":{"start":{"line":1,"column":0},"end":{"line":1,"column":null}}},"1":{"name":"DashboardSoldPerMonthChart","decl":{"start":{"line":12,"column":16},"end":{"line":12,"column":42}},"loc":{"start":{"line":12,"column":45},"end":{"line":60,"column":1}}}},"branchMap":{"0":{"loc":{"start":{"line":1,"column":0},"end":{"line":1,"column":null}},"type":"binary-expr","locations":[{"start":{"line":1,"column":0},"end":{"line":1,"column":null}},{"start":{"line":1,"column":0},"end":{"line":1,"column":null}}]},"1":{"loc":{"start":{"line":1,"column":0},"end":{"line":1,"column":null}},"type":"if","locations":[{"start":{"line":1,"column":0},"end":{"line":1,"column":null}}]}},"s":{"0":24,"1":0,"2":0,"3":0,"4":3,"5":3},"f":{"0":3,"1":0},"b":{"0":[6,3],"1":[3]}}
,"/media/disk/development/labbar/typescript-testing/labb-3/HopefulHarvest/frontend/src/components/Drawers/DashboardDrawer.tsx": {"path":"/media/disk/development/labbar/typescript-testing/labb-3/HopefulHarvest/frontend/src/components/Drawers/DashboardDrawer.tsx","statementMap":{"0":{"start":{"line":1,"column":0},"end":{"line":1,"column":null}},"1":{"start":{"line":40,"column":25},"end":{"line":40,"column":null}},"2":{"start":{"line":41,"column":17},"end":{"line":41,"column":null}},"3":{"start":{"line":43,"column":2},"end":{"line":123,"column":null}},"4":{"start":{"line":90,"column":22},"end":{"line":90,"column":null}},"5":{"start":{"line":91,"column":22},"end":{"line":91,"column":null}},"6":{"start":{"line":125,"column":1},"end":{"line":31,"column":40}},"7":{"start":{"line":31,"column":39},"end":{"line":null,"column":-1}},"8":{"start":{"line":31,"column":39},"end":{"line":31,"column":40}}},"fnMap":{"0":{"name":"(anonymous_0)","decl":{"start":{"line":1,"column":0},"end":{"line":1,"column":null}},"loc":{"start":{"line":1,"column":0},"end":{"line":1,"column":null}}},"1":{"name":"DashboardDrawer","decl":{"start":{"line":31,"column":24},"end":{"line":31,"column":39}},"loc":{"start":{"line":40,"column":25},"end":{"line":125,"column":1}}},"2":{"name":"(anonymous_2)","decl":{"start":{"line":89,"column":29},"end":{"line":89,"column":35}},"loc":{"start":{"line":89,"column":35},"end":{"line":92,"column":22}}}},"branchMap":{"0":{"loc":{"start":{"line":1,"column":0},"end":{"line":1,"column":null}},"type":"binary-expr","locations":[{"start":{"line":1,"column":0},"end":{"line":1,"column":null}},{"start":{"line":1,"column":0},"end":{"line":1,"column":null}}]},"1":{"loc":{"start":{"line":1,"column":0},"end":{"line":1,"column":null}},"type":"if","locations":[{"start":{"line":1,"column":0},"end":{"line":1,"column":null}}]},"2":{"loc":{"start":{"line":68,"column":24},"end":{"line":68,"column":76}},"type":"binary-expr","locations":[{"start":{"line":68,"column":24},"end":{"line":68,"column":36}},{"start":{"line":68,"column":36},"end":{"line":68,"column":53}},{"start":{"line":68,"column":53},"end":{"line":68,"column":76}}]}},"s":{"0":27,"1":26,"2":26,"3":26,"4":1,"5":1,"6":3,"7":3,"8":3},"f":{"0":3,"1":26,"2":1},"b":{"0":[6,3],"1":[3],"2":[26,18,18]}}
,"/media/disk/development/labbar/typescript-testing/labb-3/HopefulHarvest/frontend/src/components/Drawers/UploadProductDrawer.tsx": {"path":"/media/disk/development/labbar/typescript-testing/labb-3/HopefulHarvest/frontend/src/components/Drawers/UploadProductDrawer.tsx","statementMap":{"0":{"start":{"line":1,"column":0},"end":{"line":1,"column":null}},"1":{"start":{"line":34,"column":29},"end":{"line":34,"column":null}},"2":{"start":{"line":35,"column":26},"end":{"line":35,"column":null}},"3":{"start":{"line":36,"column":30},"end":{"line":36,"column":null}},"4":{"start":{"line":37,"column":17},"end":{"line":37,"column":null}},"5":{"start":{"line":44,"column":6},"end":{"line":47,"column":null}},"6":{"start":{"line":49,"column":46},"end":{"line":76,"column":null}},"7":{"start":{"line":50,"column":21},"end":{"line":50,"column":null}},"8":{"start":{"line":51,"column":4},"end":{"line":51,"column":null}},"9":{"start":{"line":52,"column":4},"end":{"line":52,"column":null}},"10":{"start":{"line":53,"column":4},"end":{"line":53,"column":null}},"11":{"start":{"line":54,"column":4},"end":{"line":54,"column":null}},"12":{"start":{"line":55,"column":4},"end":{"line":55,"column":null}},"13":{"start":{"line":56,"column":4},"end":{"line":56,"column":null}},"14":{"start":{"line":57,"column":4},"end":{"line":75,"column":null}},"15":{"start":{"line":58,"column":21},"end":{"line":65,"column":null}},"16":{"start":{"line":66,"column":6},"end":{"line":68,"column":null}},"17":{"start":{"line":67,"column":8},"end":{"line":67,"column":null}},"18":{"start":{"line":69,"column":19},"end":{"line":69,"column":null}},"19":{"start":{"line":70,"column":6},"end":{"line":70,"column":null}},"20":{"start":{"line":72,"column":6},"end":{"line":72,"column":null}},"21":{"start":{"line":74,"column":6},"end":{"line":74,"column":null}},"22":{"start":{"line":78,"column":2},"end":{"line":81,"column":null}},"23":{"start":{"line":79,"column":4},"end":{"line":79,"column":null}},"24":{"start":{"line":80,"column":4},"end":{"line":80,"column":null}},"25":{"start":{"line":83,"column":2},"end":{"line":118,"column":null}},"26":{"start":{"line":120,"column":1},"end":{"line":44,"column":26}},"27":{"start":{"line":31,"column":43},"end":{"line":44,"column":26}},"28":{"start":{"line":44,"column":13},"end":{"line":31,"column":43}},"29":{"start":{"line":31,"column":43},"end":{"line":31,"column":44}}},"fnMap":{"0":{"name":"(anonymous_0)","decl":{"start":{"line":1,"column":0},"end":{"line":1,"column":null}},"loc":{"start":{"line":1,"column":0},"end":{"line":1,"column":null}}},"1":{"name":"UploadProductDrawer","decl":{"start":{"line":31,"column":24},"end":{"line":31,"column":43}},"loc":{"start":{"line":34,"column":29},"end":{"line":120,"column":1}}},"2":{"name":"(anonymous_2)","decl":{"start":{"line":49,"column":46},"end":{"line":49,"column":53}},"loc":{"start":{"line":49,"column":76},"end":{"line":76,"column":null}}},"3":{"name":"(anonymous_3)","decl":{"start":{"line":78,"column":12},"end":{"line":78,"column":18}},"loc":{"start":{"line":78,"column":18},"end":{"line":81,"column":5}}},"4":{"name":"(anonymous_4)","decl":{"start":{"line":31,"column":43},"end":{"line":31,"column":44}},"loc":{"start":{"line":31,"column":43},"end":{"line":44,"column":26}}}},"branchMap":{"0":{"loc":{"start":{"line":1,"column":0},"end":{"line":1,"column":null}},"type":"binary-expr","locations":[{"start":{"line":1,"column":0},"end":{"line":1,"column":null}},{"start":{"line":1,"column":0},"end":{"line":1,"column":null}}]},"1":{"loc":{"start":{"line":1,"column":0},"end":{"line":1,"column":null}},"type":"if","locations":[{"start":{"line":1,"column":0},"end":{"line":1,"column":null}}]},"2":{"loc":{"start":{"line":52,"column":30},"end":{"line":52,"column":42}},"type":"binary-expr","locations":[{"start":{"line":52,"column":30},"end":{"line":52,"column":40}},{"start":{"line":52,"column":40},"end":{"line":52,"column":42}}]},"3":{"loc":{"start":{"line":66,"column":6},"end":{"line":68,"column":null}},"type":"if","locations":[{"start":{"line":66,"column":6},"end":{"line":68,"column":null}}]},"4":{"loc":{"start":{"line":79,"column":4},"end":{"line":79,"column":null}},"type":"binary-expr","locations":[{"start":{"line":79,"column":4},"end":{"line":79,"column":19}},{"start":{"line":79,"column":19},"end":{"line":79,"column":null}}]}},"s":{"0":27,"1":44,"2":44,"3":44,"4":44,"5":44,"6":44,"7":1,"8":1,"9":1,"10":1,"11":1,"12":1,"13":1,"14":1,"15":1,"16":1,"17":0,"18":1,"19":1,"20":0,"21":1,"22":44,"23":5,"24":5,"25":44,"26":3,"27":2,"28":3,"29":3},"f":{"0":3,"1":44,"2":1,"3":5,"4":2},"b":{"0":[6,3],"1":[3],"2":[1,0],"3":[0],"4":[5,1]}}
,"/media/disk/development/labbar/typescript-testing/labb-3/HopefulHarvest/frontend/src/components/Forms/UploadProductForm.tsx": {"path":"/media/disk/development/labbar/typescript-testing/labb-3/HopefulHarvest/frontend/src/components/Forms/UploadProductForm.tsx","statementMap":{"0":{"start":{"line":1,"column":0},"end":{"line":1,"column":null}},"1":{"start":{"line":36,"column":2},"end":{"line":113,"column":null}},"2":{"start":{"line":104,"column":25},"end":{"line":104,"column":null}},"3":{"start":{"line":115,"column":1},"end":{"line":27,"column":41}},"4":{"start":{"line":27,"column":41},"end":{"line":27,"column":42}}},"fnMap":{"0":{"name":"(anonymous_0)","decl":{"start":{"line":1,"column":0},"end":{"line":1,"column":null}},"loc":{"start":{"line":1,"column":0},"end":{"line":1,"column":null}}},"1":{"name":"UploadProductForm","decl":{"start":{"line":27,"column":24},"end":{"line":27,"column":41}},"loc":{"start":{"line":35,"column":10},"end":{"line":115,"column":1}}},"2":{"name":"(anonymous_2)","decl":{"start":{"line":104,"column":20},"end":{"line":104,"column":25}},"loc":{"start":{"line":104,"column":25},"end":{"line":104,"column":null}}}},"branchMap":{"0":{"loc":{"start":{"line":1,"column":0},"end":{"line":1,"column":null}},"type":"binary-expr","locations":[{"start":{"line":1,"column":0},"end":{"line":1,"column":null}},{"start":{"line":1,"column":0},"end":{"line":1,"column":null}}]},"1":{"loc":{"start":{"line":1,"column":0},"end":{"line":1,"column":null}},"type":"if","locations":[{"start":{"line":1,"column":0},"end":{"line":1,"column":null}}]},"2":{"loc":{"start":{"line":42,"column":13},"end":{"line":42,"column":null}},"type":"binary-expr","locations":[{"start":{"line":42,"column":13},"end":{"line":42,"column":36}},{"start":{"line":42,"column":36},"end":{"line":42,"column":null}}]},"3":{"loc":{"start":{"line":58,"column":13},"end":{"line":58,"column":null}},"type":"binary-expr","locations":[{"start":{"line":58,"column":13},"end":{"line":58,"column":29}},{"start":{"line":58,"column":29},"end":{"line":58,"column":null}}]},"4":{"loc":{"start":{"line":69,"column":13},"end":{"line":69,"column":null}},"type":"binary-expr","locations":[{"start":{"line":69,"column":13},"end":{"line":69,"column":38}},{"start":{"line":69,"column":38},"end":{"line":69,"column":null}}]},"5":{"loc":{"start":{"line":80,"column":13},"end":{"line":80,"column":null}},"type":"binary-expr","locations":[{"start":{"line":80,"column":13},"end":{"line":80,"column":35}},{"start":{"line":80,"column":35},"end":{"line":80,"column":null}}]},"6":{"loc":{"start":{"line":104,"column":25},"end":{"line":104,"column":null}},"type":"binary-expr","locations":[{"start":{"line":104,"column":25},"end":{"line":104,"column":43}},{"start":{"line":104,"column":43},"end":{"line":104,"column":null}}]}},"s":{"0":24,"1":20,"2":1,"3":3,"4":3},"f":{"0":3,"1":20,"2":1},"b":{"0":[6,3],"1":[3],"2":[20,2],"3":[20,0],"4":[20,0],"5":[20,2],"6":[1,1]}}
,"/media/disk/development/labbar/typescript-testing/labb-3/HopefulHarvest/frontend/src/components/Modals/EditUserProfileModal.tsx": {"path":"/media/disk/development/labbar/typescript-testing/labb-3/HopefulHarvest/frontend/src/components/Modals/EditUserProfileModal.tsx","statementMap":{"0":{"start":{"line":1,"column":0},"end":{"line":1,"column":null}},"1":{"start":{"line":36,"column":30},"end":{"line":36,"column":null}},"2":{"start":{"line":37,"column":21},"end":{"line":37,"column":null}},"3":{"start":{"line":38,"column":34},"end":{"line":38,"column":null}},"4":{"start":{"line":39,"column":44},"end":{"line":39,"column":null}},"5":{"start":{"line":46,"column":6},"end":{"line":49,"column":null}},"6":{"start":{"line":51,"column":24},"end":{"line":62,"column":null}},"7":{"start":{"line":52,"column":4},"end":{"line":62,"column":null}},"8":{"start":{"line":64,"column":46},"end":{"line":97,"column":null}},"9":{"start":{"line":65,"column":4},"end":{"line":72,"column":null}},"10":{"start":{"line":66,"column":6},"end":{"line":69,"column":null}},"11":{"start":{"line":71,"column":6},"end":{"line":71,"column":null}},"12":{"start":{"line":74,"column":4},"end":{"line":80,"column":null}},"13":{"start":{"line":75,"column":6},"end":{"line":78,"column":null}},"14":{"start":{"line":79,"column":6},"end":{"line":79,"column":null}},"15":{"start":{"line":82,"column":4},"end":{"line":93,"column":null}},"16":{"start":{"line":94,"column":4},"end":{"line":94,"column":null}},"17":{"start":{"line":95,"column":4},"end":{"line":95,"column":null}},"18":{"start":{"line":96,"column":4},"end":{"line":96,"column":null}},"19":{"start":{"line":99,"column":29},"end":{"line":110,"column":null}},"20":{"start":{"line":100,"column":21},"end":{"line":106,"column":null}},"21":{"start":{"line":107,"column":19},"end":{"line":107,"column":null}},"22":{"start":{"line":108,"column":4},"end":{"line":108,"column":null}},"23":{"start":{"line":109,"column":4},"end":{"line":109,"column":null}},"24":{"start":{"line":112,"column":2},"end":{"line":114,"column":null}},"25":{"start":{"line":113,"column":4},"end":{"line":113,"column":null}},"26":{"start":{"line":116,"column":2},"end":{"line":118,"column":null}},"27":{"start":{"line":117,"column":4},"end":{"line":117,"column":null}},"28":{"start":{"line":120,"column":2},"end":{"line":122,"column":null}},"29":{"start":{"line":121,"column":4},"end":{"line":121,"column":null}},"30":{"start":{"line":124,"column":2},"end":{"line":186,"column":null}},"31":{"start":{"line":188,"column":1},"end":{"line":46,"column":26}},"32":{"start":{"line":33,"column":44},"end":{"line":46,"column":26}},"33":{"start":{"line":46,"column":13},"end":{"line":33,"column":44}},"34":{"start":{"line":33,"column":44},"end":{"line":33,"column":45}}},"fnMap":{"0":{"name":"(anonymous_0)","decl":{"start":{"line":1,"column":0},"end":{"line":1,"column":null}},"loc":{"start":{"line":1,"column":0},"end":{"line":1,"column":null}}},"1":{"name":"EditUserProfileModal","decl":{"start":{"line":33,"column":24},"end":{"line":33,"column":44}},"loc":{"start":{"line":36,"column":30},"end":{"line":188,"column":1}}},"2":{"name":"(anonymous_2)","decl":{"start":{"line":51,"column":24},"end":{"line":51,"column":null}},"loc":{"start":{"line":52,"column":4},"end":{"line":62,"column":null}}},"3":{"name":"(anonymous_3)","decl":{"start":{"line":64,"column":46},"end":{"line":64,"column":53}},"loc":{"start":{"line":64,"column":76},"end":{"line":97,"column":null}}},"4":{"name":"(anonymous_4)","decl":{"start":{"line":99,"column":29},"end":{"line":99,"column":41}},"loc":{"start":{"line":99,"column":41},"end":{"line":110,"column":null}}},"5":{"name":"(anonymous_5)","decl":{"start":{"line":112,"column":12},"end":{"line":112,"column":18}},"loc":{"start":{"line":112,"column":18},"end":{"line":114,"column":5}}},"6":{"name":"(anonymous_6)","decl":{"start":{"line":116,"column":12},"end":{"line":116,"column":18}},"loc":{"start":{"line":116,"column":18},"end":{"line":118,"column":5}}},"7":{"name":"(anonymous_7)","decl":{"start":{"line":120,"column":12},"end":{"line":120,"column":18}},"loc":{"start":{"line":120,"column":18},"end":{"line":122,"column":5}}},"8":{"name":"(anonymous_8)","decl":{"start":{"line":33,"column":44},"end":{"line":33,"column":45}},"loc":{"start":{"line":33,"column":44},"end":{"line":46,"column":26}}}},"branchMap":{"0":{"loc":{"start":{"line":1,"column":0},"end":{"line":1,"column":null}},"type":"binary-expr","locations":[{"start":{"line":1,"column":0},"end":{"line":1,"column":null}},{"start":{"line":1,"column":0},"end":{"line":1,"column":null}}]},"1":{"loc":{"start":{"line":1,"column":0},"end":{"line":1,"column":null}},"type":"if","locations":[{"start":{"line":1,"column":0},"end":{"line":1,"column":null}}]},"2":{"loc":{"start":{"line":65,"column":4},"end":{"line":72,"column":null}},"type":"if","locations":[{"start":{"line":65,"column":4},"end":{"line":72,"column":null}}]},"3":{"loc":{"start":{"line":74,"column":4},"end":{"line":80,"column":null}},"type":"if","locations":[{"start":{"line":74,"column":4},"end":{"line":80,"column":null}}]},"4":{"loc":{"start":{"line":89,"column":18},"end":{"line":89,"column":null}},"type":"binary-expr","locations":[{"start":{"line":89,"column":18},"end":{"line":89,"column":37}},{"start":{"line":89,"column":37},"end":{"line":89,"column":null}}]},"5":{"loc":{"start":{"line":90,"column":15},"end":{"line":90,"column":null}},"type":"binary-expr","locations":[{"start":{"line":90,"column":15},"end":{"line":90,"column":31}},{"start":{"line":90,"column":31},"end":{"line":90,"column":null}}]},"6":{"loc":{"start":{"line":136,"column":19},"end":{"line":136,"column":null}},"type":"binary-expr","locations":[{"start":{"line":136,"column":19},"end":{"line":136,"column":38}},{"start":{"line":136,"column":38},"end":{"line":136,"column":null}}]},"7":{"loc":{"start":{"line":140,"column":31},"end":{"line":140,"column":null}},"type":"binary-expr","locations":[{"start":{"line":140,"column":31},"end":{"line":140,"column":43}},{"start":{"line":140,"column":43},"end":{"line":140,"column":null}}]},"8":{"loc":{"start":{"line":153,"column":21},"end":{"line":153,"column":null}},"type":"binary-expr","locations":[{"start":{"line":153,"column":21},"end":{"line":153,"column":37}},{"start":{"line":153,"column":37},"end":{"line":153,"column":null}}]},"9":{"loc":{"start":{"line":158,"column":31},"end":{"line":158,"column":null}},"type":"binary-expr","locations":[{"start":{"line":158,"column":31},"end":{"line":158,"column":43}},{"start":{"line":158,"column":43},"end":{"line":158,"column":null}}]}},"s":{"0":27,"1":0,"2":0,"3":0,"4":0,"5":0,"6":0,"7":0,"8":0,"9":0,"10":0,"11":0,"12":0,"13":0,"14":0,"15":0,"16":0,"17":0,"18":0,"19":0,"20":0,"21":0,"22":0,"23":0,"24":0,"25":0,"26":0,"27":0,"28":0,"29":0,"30":0,"31":3,"32":0,"33":3,"34":3},"f":{"0":3,"1":0,"2":0,"3":0,"4":0,"5":0,"6":0,"7":0,"8":0},"b":{"0":[6,3],"1":[3],"2":[0],"3":[0],"4":[0,0],"5":[0,0],"6":[0,0],"7":[0,0],"8":[0,0],"9":[0,0]}}
,"/media/disk/development/labbar/typescript-testing/labb-3/HopefulHarvest/frontend/src/pages/CartCheckout.tsx": {"path":"/media/disk/development/labbar/typescript-testing/labb-3/HopefulHarvest/frontend/src/pages/CartCheckout.tsx","statementMap":{"0":{"start":{"line":1,"column":41},"end":{"line":1,"column":null}},"1":{"start":{"line":1,"column":74},"end":{"line":1,"column":null}},"2":{"start":{"line":23,"column":39},"end":{"line":23,"column":null}},"3":{"start":{"line":24,"column":19},"end":{"line":24,"column":null}},"4":{"start":{"line":24,"column":56},"end":{"line":24,"column":66}},"5":{"start":{"line":25,"column":2},"end":{"line":25,"column":null}},"6":{"start":{"line":26,"column":2},"end":{"line":64,"column":null}},"7":{"start":{"line":46,"column":18},"end":{"line":50,"column":null}},"8":{"start":{"line":66,"column":1},"end":{"line":24,"column":40}},"9":{"start":{"line":23,"column":36},"end":{"line":24,"column":40}},"10":{"start":{"line":24,"column":39},"end":{"line":23,"column":36}},"11":{"start":{"line":23,"column":36},"end":{"line":23,"column":39}}},"fnMap":{"0":{"name":"(anonymous_0)","decl":{"start":{"line":1,"column":74},"end":{"line":1,"column":null}},"loc":{"start":{"line":1,"column":74},"end":{"line":1,"column":null}}},"1":{"name":"CartCheckout","decl":{"start":{"line":23,"column":24},"end":{"line":23,"column":36}},"loc":{"start":{"line":23,"column":39},"end":{"line":66,"column":1}}},"2":{"name":"(anonymous_2)","decl":{"start":{"line":24,"column":40},"end":{"line":24,"column":41}},"loc":{"start":{"line":24,"column":56},"end":{"line":24,"column":66}}},"3":{"name":"(anonymous_3)","decl":{"start":{"line":45,"column":29},"end":{"line":45,"column":30}},"loc":{"start":{"line":46,"column":18},"end":{"line":50,"column":null}}},"4":{"name":"(anonymous_4)","decl":{"start":{"line":23,"column":36},"end":{"line":23,"column":39}},"loc":{"start":{"line":23,"column":36},"end":{"line":24,"column":40}}}},"branchMap":{"0":{"loc":{"start":{"line":1,"column":41},"end":{"line":1,"column":null}},"type":"binary-expr","locations":[{"start":{"line":1,"column":41},"end":{"line":1,"column":74}},{"start":{"line":1,"column":74},"end":{"line":1,"column":null}}]},"1":{"loc":{"start":{"line":1,"column":74},"end":{"line":1,"column":null}},"type":"if","locations":[{"start":{"line":1,"column":74},"end":{"line":1,"column":null}}]},"2":{"loc":{"start":{"line":1,"column":74},"end":{"line":1,"column":null}},"type":"binary-expr","locations":[{"start":{"line":1,"column":74},"end":{"line":1,"column":null}},{"start":{"line":1,"column":74},"end":{"line":1,"column":null}}]},"3":{"loc":{"start":{"line":44,"column":15},"end":{"line":52,"column":null}},"type":"binary-expr","locations":[{"start":{"line":44,"column":15},"end":{"line":44,"column":null}},{"start":{"line":45,"column":16},"end":{"line":52,"column":null}}]}},"s":{"0":3,"1":24,"2":0,"3":0,"4":0,"5":0,"6":0,"7":0,"8":3,"9":0,"10":3,"11":3},"f":{"0":3,"1":0,"2":0,"3":0,"4":0},"b":{"0":[3,0],"1":[3],"2":[3,3],"3":[0,0]}}
,"/media/disk/development/labbar/typescript-testing/labb-3/HopefulHarvest/frontend/src/pages/ProductPage.tsx": {"path":"/media/disk/development/labbar/typescript-testing/labb-3/HopefulHarvest/frontend/src/pages/ProductPage.tsx","statementMap":{"0":{"start":{"line":1,"column":41},"end":{"line":1,"column":null}},"1":{"start":{"line":22,"column":38},"end":{"line":22,"column":null}},"2":{"start":{"line":23,"column":30},"end":{"line":23,"column":null}},"3":{"start":{"line":24,"column":18},"end":{"line":26,"column":null}},"4":{"start":{"line":25,"column":20},"end":{"line":25,"column":null}},"5":{"start":{"line":28,"column":21},"end":{"line":28,"column":null}},"6":{"start":{"line":28,"column":58},"end":{"line":28,"column":78}},"7":{"start":{"line":30,"column":22},"end":{"line":51,"column":null}},"8":{"start":{"line":31,"column":4},"end":{"line":50,"column":null}},"9":{"start":{"line":32,"column":23},"end":{"line":41,"column":null}},"10":{"start":{"line":42,"column":21},"end":{"line":42,"column":null}},"11":{"start":{"line":43,"column":6},"end":{"line":43,"column":null}},"12":{"start":{"line":44,"column":6},"end":{"line":44,"column":null}},"13":{"start":{"line":46,"column":6},"end":{"line":49,"column":null}},"14":{"start":{"line":53,"column":2},"end":{"line":55,"column":null}},"15":{"start":{"line":54,"column":4},"end":{"line":54,"column":null}},"16":{"start":{"line":57,"column":2},"end":{"line":108,"column":null}},"17":{"start":{"line":61,"column":10},"end":{"line":105,"column":null}},"18":{"start":{"line":71,"column":32},"end":{"line":71,"column":67}},"19":{"start":{"line":93,"column":35},"end":{"line":93,"column":null}},"20":{"start":{"line":99,"column":35},"end":{"line":99,"column":null}},"21":{"start":{"line":110,"column":1},"end":{"line":28,"column":42}},"22":{"start":{"line":22,"column":35},"end":{"line":28,"column":42}},"23":{"start":{"line":28,"column":41},"end":{"line":22,"column":35}},"24":{"start":{"line":22,"column":35},"end":{"line":22,"column":38}}},"fnMap":{"0":{"name":"(anonymous_0)","decl":{"start":{"line":1,"column":41},"end":{"line":1,"column":null}},"loc":{"start":{"line":1,"column":41},"end":{"line":1,"column":null}}},"1":{"name":"ProductPage","decl":{"start":{"line":22,"column":24},"end":{"line":22,"column":35}},"loc":{"start":{"line":22,"column":38},"end":{"line":110,"column":1}}},"2":{"name":"(anonymous_2)","decl":{"start":{"line":25,"column":4},"end":{"line":25,"column":5}},"loc":{"start":{"line":25,"column":20},"end":{"line":25,"column":null}}},"3":{"name":"(anonymous_3)","decl":{"start":{"line":28,"column":42},"end":{"line":28,"column":43}},"loc":{"start":{"line":28,"column":58},"end":{"line":28,"column":78}}},"4":{"name":"(anonymous_4)","decl":{"start":{"line":30,"column":22},"end":{"line":30,"column":34}},"loc":{"start":{"line":30,"column":34},"end":{"line":51,"column":null}}},"5":{"name":"(anonymous_5)","decl":{"start":{"line":53,"column":12},"end":{"line":53,"column":18}},"loc":{"start":{"line":53,"column":18},"end":{"line":55,"column":5}}},"6":{"name":"(anonymous_6)","decl":{"start":{"line":60,"column":19},"end":{"line":60,"column":30}},"loc":{"start":{"line":60,"column":30},"end":{"line":107,"column":9}}},"7":{"name":"(anonymous_7)","decl":{"start":{"line":71,"column":26},"end":{"line":71,"column":32}},"loc":{"start":{"line":71,"column":32},"end":{"line":71,"column":67}}},"8":{"name":"(anonymous_8)","decl":{"start":{"line":93,"column":29},"end":{"line":93,"column":35}},"loc":{"start":{"line":93,"column":35},"end":{"line":93,"column":null}}},"9":{"name":"(anonymous_9)","decl":{"start":{"line":99,"column":29},"end":{"line":99,"column":35}},"loc":{"start":{"line":99,"column":35},"end":{"line":99,"column":null}}},"10":{"name":"(anonymous_10)","decl":{"start":{"line":22,"column":35},"end":{"line":22,"column":38}},"loc":{"start":{"line":22,"column":35},"end":{"line":28,"column":42}}}},"branchMap":{"0":{"loc":{"start":{"line":1,"column":41},"end":{"line":1,"column":null}},"type":"binary-expr","locations":[{"start":{"line":1,"column":41},"end":{"line":1,"column":null}},{"start":{"line":1,"column":41},"end":{"line":1,"column":null}}]},"1":{"loc":{"start":{"line":1,"column":41},"end":{"line":1,"column":null}},"type":"if","locations":[{"start":{"line":1,"column":41},"end":{"line":1,"column":null}}]},"2":{"loc":{"start":{"line":59,"column":7},"end":{"line":107,"column":null}},"type":"binary-expr","locations":[{"start":{"line":59,"column":7},"end":{"line":59,"column":null}},{"start":{"line":60,"column":8},"end":{"line":107,"column":null}}]}},"s":{"0":27,"1":0,"2":0,"3":0,"4":0,"5":0,"6":0,"7":0,"8":0,"9":0,"10":0,"11":0,"12":0,"13":0,"14":0,"15":0,"16":0,"17":0,"18":0,"19":0,"20":0,"21":3,"22":0,"23":3,"24":3},"f":{"0":3,"1":0,"2":0,"3":0,"4":0,"5":0,"6":0,"7":0,"8":0,"9":0,"10":0},"b":{"0":[6,3],"1":[3],"2":[0,0]}}
,"/media/disk/development/labbar/typescript-testing/labb-3/HopefulHarvest/frontend/src/pages/UploadedProducts.tsx": {"path":"/media/disk/development/labbar/typescript-testing/labb-3/HopefulHarvest/frontend/src/pages/UploadedProducts.tsx","statementMap":{"0":{"start":{"line":1,"column":36},"end":{"line":1,"column":null}},"1":{"start":{"line":1,"column":43},"end":{"line":1,"column":null}},"2":{"start":{"line":12,"column":43},"end":{"line":12,"column":null}},"3":{"start":{"line":13,"column":30},"end":{"line":13,"column":null}},"4":{"start":{"line":14,"column":22},"end":{"line":25,"column":null}},"5":{"start":{"line":15,"column":16},"end":{"line":21,"column":null}},"6":{"start":{"line":22,"column":17},"end":{"line":22,"column":null}},"7":{"start":{"line":23,"column":4},"end":{"line":23,"column":null}},"8":{"start":{"line":24,"column":4},"end":{"line":24,"column":null}},"9":{"start":{"line":27,"column":2},"end":{"line":29,"column":null}},"10":{"start":{"line":28,"column":4},"end":{"line":28,"column":null}},"11":{"start":{"line":31,"column":2},"end":{"line":49,"column":null}},"12":{"start":{"line":35,"column":8},"end":{"line":46,"column":null}},"13":{"start":{"line":51,"column":1},"end":{"line":12,"column":43}},"14":{"start":{"line":12,"column":40},"end":{"line":null,"column":-1}},"15":{"start":{"line":12,"column":40},"end":{"line":12,"column":43}}},"fnMap":{"0":{"name":"(anonymous_0)","decl":{"start":{"line":1,"column":43},"end":{"line":1,"column":null}},"loc":{"start":{"line":1,"column":43},"end":{"line":1,"column":null}}},"1":{"name":"UploadedProducts","decl":{"start":{"line":12,"column":24},"end":{"line":12,"column":40}},"loc":{"start":{"line":12,"column":43},"end":{"line":51,"column":1}}},"2":{"name":"(anonymous_2)","decl":{"start":{"line":14,"column":22},"end":{"line":14,"column":34}},"loc":{"start":{"line":14,"column":34},"end":{"line":25,"column":null}}},"3":{"name":"(anonymous_3)","decl":{"start":{"line":27,"column":12},"end":{"line":27,"column":18}},"loc":{"start":{"line":27,"column":18},"end":{"line":29,"column":5}}},"4":{"name":"(anonymous_4)","decl":{"start":{"line":34,"column":18},"end":{"line":34,"column":19}},"loc":{"start":{"line":34,"column":35},"end":{"line":48,"column":7}}}},"branchMap":{"0":{"loc":{"start":{"line":1,"column":36},"end":{"line":1,"column":null}},"type":"binary-expr","locations":[{"start":{"line":1,"column":36},"end":{"line":1,"column":null}},{"start":{"line":1,"column":43},"end":{"line":1,"column":null}}]},"1":{"loc":{"start":{"line":1,"column":43},"end":{"line":1,"column":null}},"type":"if","locations":[{"start":{"line":1,"column":43},"end":{"line":1,"column":null}}]},"2":{"loc":{"start":{"line":1,"column":43},"end":{"line":1,"column":null}},"type":"binary-expr","locations":[{"start":{"line":1,"column":43},"end":{"line":1,"column":null}},{"start":{"line":1,"column":43},"end":{"line":1,"column":null}}]}},"s":{"0":3,"1":24,"2":10,"3":10,"4":10,"5":4,"6":4,"7":4,"8":4,"9":10,"10":4,"11":10,"12":78,"13":3,"14":3,"15":3},"f":{"0":3,"1":10,"2":4,"3":4,"4":78},"b":{"0":[3,0],"1":[3],"2":[3,3]}}
,"/media/disk/development/labbar/typescript-testing/labb-3/HopefulHarvest/frontend/src/pages/UserDashboard.tsx": {"path":"/media/disk/development/labbar/typescript-testing/labb-3/HopefulHarvest/frontend/src/pages/UserDashboard.tsx","statementMap":{"0":{"start":{"line":1,"column":28},"end":{"line":1,"column":null}},"1":{"start":{"line":1,"column":67},"end":{"line":1,"column":null}},"2":{"start":{"line":15,"column":40},"end":{"line":15,"column":null}},"3":{"start":{"line":21,"column":6},"end":{"line":21,"column":null}},"4":{"start":{"line":26,"column":6},"end":{"line":26,"column":null}},"5":{"start":{"line":27,"column":17},"end":{"line":27,"column":null}},"6":{"start":{"line":29,"column":34},"end":{"line":29,"column":null}},"7":{"start":{"line":30,"column":29},"end":{"line":50,"column":null}},"8":{"start":{"line":31,"column":4},"end":{"line":49,"column":null}},"9":{"start":{"line":32,"column":23},"end":{"line":38,"column":null}},"10":{"start":{"line":39,"column":21},"end":{"line":39,"column":null}},"11":{"start":{"line":41,"column":6},"end":{"line":45,"column":null}},"12":{"start":{"line":46,"column":6},"end":{"line":46,"column":null}},"13":{"start":{"line":48,"column":6},"end":{"line":48,"column":null}},"14":{"start":{"line":52,"column":2},"end":{"line":54,"column":null}},"15":{"start":{"line":53,"column":4},"end":{"line":53,"column":null}},"16":{"start":{"line":56,"column":2},"end":{"line":75,"column":null}},"17":{"start":{"line":77,"column":1},"end":{"line":26,"column":20}},"18":{"start":{"line":15,"column":37},"end":{"line":26,"column":20}},"19":{"start":{"line":26,"column":19},"end":{"line":15,"column":37}},"20":{"start":{"line":15,"column":37},"end":{"line":15,"column":40}}},"fnMap":{"0":{"name":"(anonymous_0)","decl":{"start":{"line":1,"column":67},"end":{"line":1,"column":null}},"loc":{"start":{"line":1,"column":67},"end":{"line":1,"column":null}}},"1":{"name":"UserDashboard","decl":{"start":{"line":15,"column":24},"end":{"line":15,"column":37}},"loc":{"start":{"line":15,"column":40},"end":{"line":77,"column":1}}},"2":{"name":"(anonymous_2)","decl":{"start":{"line":30,"column":29},"end":{"line":30,"column":41}},"loc":{"start":{"line":30,"column":41},"end":{"line":50,"column":null}}},"3":{"name":"(anonymous_3)","decl":{"start":{"line":52,"column":12},"end":{"line":52,"column":18}},"loc":{"start":{"line":52,"column":18},"end":{"line":54,"column":5}}},"4":{"name":"(anonymous_4)","decl":{"start":{"line":15,"column":37},"end":{"line":15,"column":40}},"loc":{"start":{"line":15,"column":37},"end":{"line":26,"column":20}}}},"branchMap":{"0":{"loc":{"start":{"line":1,"column":28},"end":{"line":1,"column":null}},"type":"binary-expr","locations":[{"start":{"line":1,"column":28},"end":{"line":1,"column":null}},{"start":{"line":1,"column":67},"end":{"line":1,"column":null}}]},"1":{"loc":{"start":{"line":1,"column":67},"end":{"line":1,"column":null}},"type":"if","locations":[{"start":{"line":1,"column":67},"end":{"line":1,"column":null}}]},"2":{"loc":{"start":{"line":1,"column":67},"end":{"line":1,"column":null}},"type":"binary-expr","locations":[{"start":{"line":1,"column":67},"end":{"line":1,"column":null}},{"start":{"line":1,"column":67},"end":{"line":1,"column":null}}]},"3":{"loc":{"start":{"line":59,"column":9},"end":{"line":60,"column":null}},"type":"binary-expr","locations":[{"start":{"line":59,"column":9},"end":{"line":59,"column":21}},{"start":{"line":59,"column":21},"end":{"line":59,"column":null}},{"start":{"line":60,"column":10},"end":{"line":60,"column":null}}]}},"s":{"0":3,"1":24,"2":26,"3":26,"4":26,"5":26,"6":26,"7":26,"8":4,"9":4,"10":4,"11":4,"12":4,"13":0,"14":26,"15":4,"16":26,"17":3,"18":2,"19":3,"20":3},"f":{"0":3,"1":26,"2":4,"3":4,"4":2},"b":{"0":[3,0],"1":[3],"2":[3,3],"3":[26,18,18]}}
,"/media/disk/development/labbar/typescript-testing/labb-3/HopefulHarvest/frontend/src/pages/UserProfile.tsx": {"path":"/media/disk/development/labbar/typescript-testing/labb-3/HopefulHarvest/frontend/src/pages/UserProfile.tsx","statementMap":{"0":{"start":{"line":1,"column":38},"end":{"line":1,"column":null}},"1":{"start":{"line":1,"column":56},"end":{"line":1,"column":null}},"2":{"start":{"line":6,"column":38},"end":{"line":6,"column":null}},"3":{"start":{"line":7,"column":38},"end":{"line":7,"column":null}},"4":{"start":{"line":8,"column":16},"end":{"line":8,"column":null}},"5":{"start":{"line":9,"column":24},"end":{"line":20,"column":null}},"6":{"start":{"line":10,"column":21},"end":{"line":16,"column":null}},"7":{"start":{"line":18,"column":17},"end":{"line":18,"column":null}},"8":{"start":{"line":19,"column":4},"end":{"line":19,"column":null}},"9":{"start":{"line":22,"column":2},"end":{"line":24,"column":null}},"10":{"start":{"line":23,"column":4},"end":{"line":23,"column":null}},"11":{"start":{"line":26,"column":2},"end":{"line":38,"column":null}},"12":{"start":{"line":40,"column":1},"end":{"line":7,"column":52}},"13":{"start":{"line":6,"column":35},"end":{"line":7,"column":52}},"14":{"start":{"line":7,"column":51},"end":{"line":6,"column":35}},"15":{"start":{"line":6,"column":35},"end":{"line":6,"column":38}}},"fnMap":{"0":{"name":"(anonymous_0)","decl":{"start":{"line":1,"column":56},"end":{"line":1,"column":null}},"loc":{"start":{"line":1,"column":56},"end":{"line":1,"column":null}}},"1":{"name":"UserProfile","decl":{"start":{"line":6,"column":24},"end":{"line":6,"column":35}},"loc":{"start":{"line":6,"column":38},"end":{"line":40,"column":1}}},"2":{"name":"(anonymous_2)","decl":{"start":{"line":9,"column":24},"end":{"line":9,"column":36}},"loc":{"start":{"line":9,"column":36},"end":{"line":20,"column":null}}},"3":{"name":"(anonymous_3)","decl":{"start":{"line":22,"column":12},"end":{"line":22,"column":18}},"loc":{"start":{"line":22,"column":18},"end":{"line":24,"column":5}}},"4":{"name":"(anonymous_4)","decl":{"start":{"line":6,"column":35},"end":{"line":6,"column":38}},"loc":{"start":{"line":6,"column":35},"end":{"line":7,"column":52}}}},"branchMap":{"0":{"loc":{"start":{"line":1,"column":38},"end":{"line":1,"column":null}},"type":"binary-expr","locations":[{"start":{"line":1,"column":38},"end":{"line":1,"column":null}},{"start":{"line":1,"column":56},"end":{"line":1,"column":null}}]},"1":{"loc":{"start":{"line":1,"column":56},"end":{"line":1,"column":null}},"type":"if","locations":[{"start":{"line":1,"column":56},"end":{"line":1,"column":null}}]},"2":{"loc":{"start":{"line":1,"column":56},"end":{"line":1,"column":null}},"type":"binary-expr","locations":[{"start":{"line":1,"column":56},"end":{"line":1,"column":null}},{"start":{"line":1,"column":56},"end":{"line":1,"column":null}}]}},"s":{"0":3,"1":24,"2":0,"3":0,"4":0,"5":0,"6":0,"7":0,"8":0,"9":0,"10":0,"11":0,"12":3,"13":0,"14":3,"15":3},"f":{"0":3,"1":0,"2":0,"3":0,"4":0},"b":{"0":[3,0],"1":[3],"2":[3,3]}}
,"/media/disk/development/labbar/typescript-testing/labb-3/HopefulHarvest/frontend/src/zustand/customHooks.ts": {"path":"/media/disk/development/labbar/typescript-testing/labb-3/HopefulHarvest/frontend/src/zustand/customHooks.ts","statementMap":{"0":{"start":{"line":26,"column":36},"end":{"line":53,"column":null}},"1":{"start":{"line":28,"column":12},"end":{"line":48,"column":null}},"2":{"start":{"line":31,"column":8},"end":{"line":34,"column":null}},"3":{"start":{"line":31,"column":43},"end":{"line":34,"column":10}},"4":{"start":{"line":36,"column":8},"end":{"line":46,"column":null}},"5":{"start":{"line":37,"column":24},"end":{"line":39,"column":null}},"6":{"start":{"line":38,"column":20},"end":{"line":38,"column":null}},"7":{"start":{"line":40,"column":10},"end":{"line":44,"column":null}},"8":{"start":{"line":41,"column":28},"end":{"line":41,"column":null}},"9":{"start":{"line":42,"column":12},"end":{"line":42,"column":null}},"10":{"start":{"line":43,"column":12},"end":{"line":43,"column":null}},"11":{"start":{"line":45,"column":10},"end":{"line":45,"column":null}},"12":{"start":{"line":47,"column":19},"end":{"line":47,"column":null}},"13":{"start":{"line":47,"column":30},"end":{"line":47,"column":43}}},"fnMap":{"0":{"name":"(anonymous_0)","decl":{"start":{"line":28,"column":4},"end":{"line":28,"column":12}},"loc":{"start":{"line":28,"column":12},"end":{"line":48,"column":null}}},"1":{"name":"(anonymous_1)","decl":{"start":{"line":30,"column":26},"end":{"line":30,"column":27}},"loc":{"start":{"line":31,"column":8},"end":{"line":34,"column":null}}},"2":{"name":"(anonymous_2)","decl":{"start":{"line":31,"column":12},"end":{"line":31,"column":13}},"loc":{"start":{"line":31,"column":43},"end":{"line":34,"column":10}}},"3":{"name":"(anonymous_3)","decl":{"start":{"line":35,"column":22},"end":{"line":35,"column":23}},"loc":{"start":{"line":36,"column":8},"end":{"line":46,"column":null}}},"4":{"name":"(anonymous_4)","decl":{"start":{"line":36,"column":12},"end":{"line":36,"column":13}},"loc":{"start":{"line":36,"column":42},"end":{"line":46,"column":9}}},"5":{"name":"(anonymous_5)","decl":{"start":{"line":38,"column":12},"end":{"line":38,"column":20}},"loc":{"start":{"line":38,"column":20},"end":{"line":38,"column":null}}},"6":{"name":"(anonymous_6)","decl":{"start":{"line":47,"column":13},"end":{"line":47,"column":19}},"loc":{"start":{"line":47,"column":19},"end":{"line":47,"column":null}}},"7":{"name":"(anonymous_7)","decl":{"start":{"line":47,"column":23},"end":{"line":47,"column":30}},"loc":{"start":{"line":47,"column":30},"end":{"line":47,"column":43}}}},"branchMap":{"0":{"loc":{"start":{"line":40,"column":10},"end":{"line":44,"column":null}},"type":"if","locations":[{"start":{"line":40,"column":10},"end":{"line":44,"column":null}}]}},"s":{"0":3,"1":3,"2":0,"3":0,"4":0,"5":0,"6":0,"7":0,"8":0,"9":0,"10":0,"11":0,"12":0,"13":0},"f":{"0":3,"1":0,"2":0,"3":0,"4":0,"5":0,"6":0,"7":0},"b":{"0":[0]}}
}
