{"total": {"lines":{"total":386,"covered":164,"skipped":0,"pct":42.48},"statements":{"total":449,"covered":195,"skipped":0,"pct":43.42},"functions":{"total":147,"covered":57,"skipped":0,"pct":38.77},"branches":{"total":228,"covered":99,"skipped":0,"pct":43.42},"branchesTrue":{"total":0,"covered":0,"skipped":0,"pct":100}}
,"/media/disk/development/labbar/typescript-testing/labb-3/HopefulHarvest/frontend/src/About.tsx": {"lines":{"total":5,"covered":4,"skipped":0,"pct":80},"functions":{"total":2,"covered":1,"skipped":0,"pct":50},"statements":{"total":5,"covered":4,"skipped":0,"pct":80},"branches":{"total":3,"covered":3,"skipped":0,"pct":100}}
,"/media/disk/development/labbar/typescript-testing/labb-3/HopefulHarvest/frontend/src/App.tsx": {"lines":{"total":4,"covered":4,"skipped":0,"pct":100},"functions":{"total":2,"covered":2,"skipped":0,"pct":100},"statements":{"total":4,"covered":4,"skipped":0,"pct":100},"branches":{"total":3,"covered":3,"skipped":0,"pct":100}}
,"/media/disk/development/labbar/typescript-testing/labb-3/HopefulHarvest/frontend/src/Contact.tsx": {"lines":{"total":28,"covered":4,"skipped":0,"pct":14.28},"functions":{"total":7,"covered":1,"skipped":0,"pct":14.28},"statements":{"total":30,"covered":5,"skipped":0,"pct":16.66},"branches":{"total":25,"covered":3,"skipped":0,"pct":12}}
,"/media/disk/development/labbar/typescript-testing/labb-3/HopefulHarvest/frontend/src/Footer.tsx": {"lines":{"total":6,"covered":6,"skipped":0,"pct":100},"functions":{"total":3,"covered":3,"skipped":0,"pct":100},"statements":{"total":9,"covered":9,"skipped":0,"pct":100},"branches":{"total":3,"covered":3,"skipped":0,"pct":100}}
,"/media/disk/development/labbar/typescript-testing/labb-3/HopefulHarvest/frontend/src/Home.tsx": {"lines":{"total":12,"covered":4,"skipped":0,"pct":33.33},"functions":{"total":7,"covered":1,"skipped":0,"pct":14.28},"statements":{"total":15,"covered":6,"skipped":0,"pct":40},"branches":{"total":5,"covered":4,"skipped":0,"pct":80}}
,"/media/disk/development/labbar/typescript-testing/labb-3/HopefulHarvest/frontend/src/Navbar.tsx": {"lines":{"total":19,"covered":17,"skipped":0,"pct":89.47},"functions":{"total":13,"covered":11,"skipped":0,"pct":84.61},"statements":{"total":23,"covered":21,"skipped":0,"pct":91.3},"branches":{"total":19,"covered":12,"skipped":0,"pct":63.15}}
,"/media/disk/development/labbar/typescript-testing/labb-3/HopefulHarvest/frontend/src/UserRegistration.tsx": {"lines":{"total":51,"covered":5,"skipped":0,"pct":9.8},"functions":{"total":13,"covered":1,"skipped":0,"pct":7.69},"statements":{"total":54,"covered":5,"skipped":0,"pct":9.25},"branches":{"total":38,"covered":3,"skipped":0,"pct":7.89}}
,"/media/disk/development/labbar/typescript-testing/labb-3/HopefulHarvest/frontend/src/login.tsx": {"lines":{"total":25,"covered":17,"skipped":0,"pct":68},"functions":{"total":6,"covered":6,"skipped":0,"pct":100},"statements":{"total":28,"covered":20,"skipped":0,"pct":71.42},"branches":{"total":7,"covered":5,"skipped":0,"pct":71.42}}
,"/media/disk/development/labbar/typescript-testing/labb-3/HopefulHarvest/frontend/src/logout.tsx": {"lines":{"total":12,"covered":7,"skipped":0,"pct":58.33},"functions":{"total":4,"covered":3,"skipped":0,"pct":75},"statements":{"total":15,"covered":10,"skipped":0,"pct":66.66},"branches":{"total":3,"covered":3,"skipped":0,"pct":100}}
,"/media/disk/development/labbar/typescript-testing/labb-3/HopefulHarvest/frontend/src/main.tsx": {"lines":{"total":2,"covered":2,"skipped":0,"pct":100},"functions":{"total":0,"covered":0,"skipped":0,"pct":100},"statements":{"total":2,"covered":2,"skipped":0,"pct":100},"branches":{"total":0,"covered":0,"skipped":0,"pct":100}}
,"/media/disk/development/labbar/typescript-testing/labb-3/HopefulHarvest/frontend/src/openModal.tsx": {"lines":{"total":4,"covered":4,"skipped":0,"pct":100},"functions":{"total":2,"covered":2,"skipped":0,"pct":100},"statements":{"total":4,"covered":4,"skipped":0,"pct":100},"branches":{"total":3,"covered":3,"skipped":0,"pct":100}}
,"/media/disk/development/labbar/typescript-testing/labb-3/HopefulHarvest/frontend/src/components/Cart/CartItem.tsx": {"lines":{"total":12,"covered":7,"skipped":0,"pct":58.33},"functions":{"total":8,"covered":1,"skipped":0,"pct":12.5},"statements":{"total":18,"covered":8,"skipped":0,"pct":44.44},"branches":{"total":3,"covered":3,"skipped":0,"pct":100}}
,"/media/disk/development/labbar/typescript-testing/labb-3/HopefulHarvest/frontend/src/components/Cart/CartOrderSummary.tsx": {"lines":{"total":14,"covered":6,"skipped":0,"pct":42.85},"functions":{"total":10,"covered":1,"skipped":0,"pct":10},"statements":{"total":21,"covered":7,"skipped":0,"pct":33.33},"branches":{"total":11,"covered":4,"skipped":0,"pct":36.36}}
,"/media/disk/development/labbar/typescript-testing/labb-3/HopefulHarvest/frontend/src/components/Cart/CartProductMeta.tsx": {"lines":{"total":5,"covered":3,"skipped":0,"pct":60},"functions":{"total":2,"covered":1,"skipped":0,"pct":50},"statements":{"total":6,"covered":4,"skipped":0,"pct":66.66},"branches":{"total":6,"covered":3,"skipped":0,"pct":50}}
,"/media/disk/development/labbar/typescript-testing/labb-3/HopefulHarvest/frontend/src/components/Cart/PriceTag.tsx": {"lines":{"total":18,"covered":7,"skipped":0,"pct":38.88},"functions":{"total":5,"covered":1,"skipped":0,"pct":20},"statements":{"total":19,"covered":8,"skipped":0,"pct":42.1},"branches":{"total":12,"covered":3,"skipped":0,"pct":25}}
,"/media/disk/development/labbar/typescript-testing/labb-3/HopefulHarvest/frontend/src/components/Charts/DashboardSoldPerMonthChart.tsx": {"lines":{"total":6,"covered":3,"skipped":0,"pct":50},"functions":{"total":2,"covered":1,"skipped":0,"pct":50},"statements":{"total":6,"covered":3,"skipped":0,"pct":50},"branches":{"total":3,"covered":3,"skipped":0,"pct":100}}
,"/media/disk/development/labbar/typescript-testing/labb-3/HopefulHarvest/frontend/src/components/Drawers/DashboardDrawer.tsx": {"lines":{"total":8,"covered":8,"skipped":0,"pct":100},"functions":{"total":3,"covered":3,"skipped":0,"pct":100},"statements":{"total":9,"covered":9,"skipped":0,"pct":100},"branches":{"total":6,"covered":4,"skipped":0,"pct":66.66}}
,"/media/disk/development/labbar/typescript-testing/labb-3/HopefulHarvest/frontend/src/components/Drawers/UploadProductDrawer.tsx": {"lines":{"total":28,"covered":13,"skipped":0,"pct":46.42},"functions":{"total":5,"covered":4,"skipped":0,"pct":80},"statements":{"total":30,"covered":15,"skipped":0,"pct":50},"branches":{"total":8,"covered":4,"skipped":0,"pct":50}}
,"/media/disk/development/labbar/typescript-testing/labb-3/HopefulHarvest/frontend/src/components/Forms/UploadProductForm.tsx": {"lines":{"total":5,"covered":4,"skipped":0,"pct":80},"functions":{"total":3,"covered":2,"skipped":0,"pct":66.66},"statements":{"total":5,"covered":4,"skipped":0,"pct":80},"branches":{"total":13,"covered":7,"skipped":0,"pct":53.84}}
,"/media/disk/development/labbar/typescript-testing/labb-3/HopefulHarvest/frontend/src/components/Modals/EditUserProfileModal.tsx": {"lines":{"total":34,"covered":4,"skipped":0,"pct":11.76},"functions":{"total":9,"covered":1,"skipped":0,"pct":11.11},"statements":{"total":36,"covered":4,"skipped":0,"pct":11.11},"branches":{"total":23,"covered":3,"skipped":0,"pct":13.04}}
,"/media/disk/development/labbar/typescript-testing/labb-3/HopefulHarvest/frontend/src/components/Products/UserProducts.tsx": {"lines":{"total":8,"covered":3,"skipped":0,"pct":37.5},"functions":{"total":4,"covered":1,"skipped":0,"pct":25},"statements":{"total":8,"covered":3,"skipped":0,"pct":37.5},"branches":{"total":3,"covered":3,"skipped":0,"pct":100}}
,"/media/disk/development/labbar/typescript-testing/labb-3/HopefulHarvest/frontend/src/pages/CartCheckout.tsx": {"lines":{"total":7,"covered":4,"skipped":0,"pct":57.14},"functions":{"total":5,"covered":1,"skipped":0,"pct":20},"statements":{"total":12,"covered":5,"skipped":0,"pct":41.66},"branches":{"total":7,"covered":4,"skipped":0,"pct":57.14}}
,"/media/disk/development/labbar/typescript-testing/labb-3/HopefulHarvest/frontend/src/pages/ProductPage.tsx": {"lines":{"total":19,"covered":4,"skipped":0,"pct":21.05},"functions":{"total":9,"covered":1,"skipped":0,"pct":11.11},"statements":{"total":23,"covered":4,"skipped":0,"pct":17.39},"branches":{"total":5,"covered":3,"skipped":0,"pct":60}}
,"/media/disk/development/labbar/typescript-testing/labb-3/HopefulHarvest/frontend/src/pages/UploadedProducts.tsx": {"lines":{"total":13,"covered":3,"skipped":0,"pct":23.07},"functions":{"total":5,"covered":1,"skipped":0,"pct":20},"statements":{"total":16,"covered":5,"skipped":0,"pct":31.25},"branches":{"total":5,"covered":4,"skipped":0,"pct":80}}
,"/media/disk/development/labbar/typescript-testing/labb-3/HopefulHarvest/frontend/src/pages/UserDashboard.tsx": {"lines":{"total":17,"covered":15,"skipped":0,"pct":88.23},"functions":{"total":5,"covered":5,"skipped":0,"pct":100},"statements":{"total":21,"covered":19,"skipped":0,"pct":90.47},"branches":{"total":8,"covered":5,"skipped":0,"pct":62.5}}
,"/media/disk/development/labbar/typescript-testing/labb-3/HopefulHarvest/frontend/src/pages/UserProfile.tsx": {"lines":{"total":12,"covered":4,"skipped":0,"pct":33.33},"functions":{"total":5,"covered":1,"skipped":0,"pct":20},"statements":{"total":16,"covered":5,"skipped":0,"pct":31.25},"branches":{"total":5,"covered":4,"skipped":0,"pct":80}}
,"/media/disk/development/labbar/typescript-testing/labb-3/HopefulHarvest/frontend/src/zustand/customHooks.ts": {"lines":{"total":12,"covered":2,"skipped":0,"pct":16.66},"functions":{"total":8,"covered":1,"skipped":0,"pct":12.5},"statements":{"total":14,"covered":2,"skipped":0,"pct":14.28},"branches":{"total":1,"covered":0,"skipped":0,"pct":0}}
}
