{"total": {"lines":{"total":379,"covered":198,"skipped":0,"pct":52.24},"statements":{"total":442,"covered":231,"skipped":0,"pct":52.26},"functions":{"total":145,"covered":67,"skipped":0,"pct":46.2},"branches":{"total":219,"covered":107,"skipped":0,"pct":48.85},"branchesTrue":{"total":0,"covered":0,"skipped":0,"pct":100}}
,"/media/disk/development/labbar/typescript-testing/labb-3/HopefulHarvest/frontend/src/About.tsx": {"lines":{"total":5,"covered":4,"skipped":0,"pct":80},"functions":{"total":2,"covered":1,"skipped":0,"pct":50},"statements":{"total":5,"covered":4,"skipped":0,"pct":80},"branches":{"total":3,"covered":3,"skipped":0,"pct":100}}
,"/media/disk/development/labbar/typescript-testing/labb-3/HopefulHarvest/frontend/src/App.tsx": {"lines":{"total":4,"covered":4,"skipped":0,"pct":100},"functions":{"total":2,"covered":2,"skipped":0,"pct":100},"statements":{"total":4,"covered":4,"skipped":0,"pct":100},"branches":{"total":3,"covered":3,"skipped":0,"pct":100}}
,"/media/disk/development/labbar/typescript-testing/labb-3/HopefulHarvest/frontend/src/Contact.tsx": {"lines":{"total":28,"covered":4,"skipped":0,"pct":14.28},"functions":{"total":7,"covered":1,"skipped":0,"pct":14.28},"statements":{"total":30,"covered":5,"skipped":0,"pct":16.66},"branches":{"total":25,"covered":3,"skipped":0,"pct":12}}
,"/media/disk/development/labbar/typescript-testing/labb-3/HopefulHarvest/frontend/src/Footer.tsx": {"lines":{"total":6,"covered":6,"skipped":0,"pct":100},"functions":{"total":3,"covered":3,"skipped":0,"pct":100},"statements":{"total":9,"covered":9,"skipped":0,"pct":100},"branches":{"total":3,"covered":3,"skipped":0,"pct":100}}
,"/media/disk/development/labbar/typescript-testing/labb-3/HopefulHarvest/frontend/src/Home.tsx": {"lines":{"total":12,"covered":11,"skipped":0,"pct":91.66},"functions":{"total":7,"covered":6,"skipped":0,"pct":85.71},"statements":{"total":15,"covered":14,"skipped":0,"pct":93.33},"branches":{"total":5,"covered":4,"skipped":0,"pct":80}}
,"/media/disk/development/labbar/typescript-testing/labb-3/HopefulHarvest/frontend/src/Navbar.tsx": {"lines":{"total":19,"covered":17,"skipped":0,"pct":89.47},"functions":{"total":13,"covered":11,"skipped":0,"pct":84.61},"statements":{"total":23,"covered":21,"skipped":0,"pct":91.3},"branches":{"total":19,"covered":13,"skipped":0,"pct":68.42}}
,"/media/disk/development/labbar/typescript-testing/labb-3/HopefulHarvest/frontend/src/UserRegistration.tsx": {"lines":{"total":51,"covered":5,"skipped":0,"pct":9.8},"functions":{"total":13,"covered":1,"skipped":0,"pct":7.69},"statements":{"total":54,"covered":5,"skipped":0,"pct":9.25},"branches":{"total":38,"covered":3,"skipped":0,"pct":7.89}}
,"/media/disk/development/labbar/typescript-testing/labb-3/HopefulHarvest/frontend/src/login.tsx": {"lines":{"total":25,"covered":22,"skipped":0,"pct":88},"functions":{"total":6,"covered":6,"skipped":0,"pct":100},"statements":{"total":28,"covered":25,"skipped":0,"pct":89.28},"branches":{"total":7,"covered":5,"skipped":0,"pct":71.42}}
,"/media/disk/development/labbar/typescript-testing/labb-3/HopefulHarvest/frontend/src/logout.tsx": {"lines":{"total":12,"covered":7,"skipped":0,"pct":58.33},"functions":{"total":4,"covered":3,"skipped":0,"pct":75},"statements":{"total":15,"covered":10,"skipped":0,"pct":66.66},"branches":{"total":3,"covered":3,"skipped":0,"pct":100}}
,"/media/disk/development/labbar/typescript-testing/labb-3/HopefulHarvest/frontend/src/main.tsx": {"lines":{"total":2,"covered":2,"skipped":0,"pct":100},"functions":{"total":0,"covered":0,"skipped":0,"pct":100},"statements":{"total":2,"covered":2,"skipped":0,"pct":100},"branches":{"total":0,"covered":0,"skipped":0,"pct":100}}
,"/media/disk/development/labbar/typescript-testing/labb-3/HopefulHarvest/frontend/src/openModal.tsx": {"lines":{"total":4,"covered":4,"skipped":0,"pct":100},"functions":{"total":2,"covered":2,"skipped":0,"pct":100},"statements":{"total":4,"covered":4,"skipped":0,"pct":100},"branches":{"total":3,"covered":3,"skipped":0,"pct":100}}
,"/media/disk/development/labbar/typescript-testing/labb-3/HopefulHarvest/frontend/src/components/Cart/CartItem.tsx": {"lines":{"total":12,"covered":7,"skipped":0,"pct":58.33},"functions":{"total":8,"covered":1,"skipped":0,"pct":12.5},"statements":{"total":18,"covered":8,"skipped":0,"pct":44.44},"branches":{"total":3,"covered":3,"skipped":0,"pct":100}}
,"/media/disk/development/labbar/typescript-testing/labb-3/HopefulHarvest/frontend/src/components/Cart/CartOrderSummary.tsx": {"lines":{"total":14,"covered":6,"skipped":0,"pct":42.85},"functions":{"total":10,"covered":1,"skipped":0,"pct":10},"statements":{"total":21,"covered":7,"skipped":0,"pct":33.33},"branches":{"total":11,"covered":4,"skipped":0,"pct":36.36}}
,"/media/disk/development/labbar/typescript-testing/labb-3/HopefulHarvest/frontend/src/components/Cart/CartProductMeta.tsx": {"lines":{"total":5,"covered":3,"skipped":0,"pct":60},"functions":{"total":2,"covered":1,"skipped":0,"pct":50},"statements":{"total":6,"covered":4,"skipped":0,"pct":66.66},"branches":{"total":6,"covered":3,"skipped":0,"pct":50}}
,"/media/disk/development/labbar/typescript-testing/labb-3/HopefulHarvest/frontend/src/components/Cart/PriceTag.tsx": {"lines":{"total":18,"covered":7,"skipped":0,"pct":38.88},"functions":{"total":5,"covered":1,"skipped":0,"pct":20},"statements":{"total":19,"covered":8,"skipped":0,"pct":42.1},"branches":{"total":12,"covered":3,"skipped":0,"pct":25}}
,"/media/disk/development/labbar/typescript-testing/labb-3/HopefulHarvest/frontend/src/components/Charts/DashboardSoldPerMonthChart.tsx": {"lines":{"total":6,"covered":3,"skipped":0,"pct":50},"functions":{"total":2,"covered":1,"skipped":0,"pct":50},"statements":{"total":6,"covered":3,"skipped":0,"pct":50},"branches":{"total":3,"covered":3,"skipped":0,"pct":100}}
,"/media/disk/development/labbar/typescript-testing/labb-3/HopefulHarvest/frontend/src/components/Drawers/DashboardDrawer.tsx": {"lines":{"total":8,"covered":8,"skipped":0,"pct":100},"functions":{"total":3,"covered":3,"skipped":0,"pct":100},"statements":{"total":9,"covered":9,"skipped":0,"pct":100},"branches":{"total":6,"covered":6,"skipped":0,"pct":100}}
,"/media/disk/development/labbar/typescript-testing/labb-3/HopefulHarvest/frontend/src/components/Drawers/UploadProductDrawer.tsx": {"lines":{"total":28,"covered":26,"skipped":0,"pct":92.85},"functions":{"total":5,"covered":5,"skipped":0,"pct":100},"statements":{"total":30,"covered":28,"skipped":0,"pct":93.33},"branches":{"total":8,"covered":6,"skipped":0,"pct":75}}
,"/media/disk/development/labbar/typescript-testing/labb-3/HopefulHarvest/frontend/src/components/Forms/UploadProductForm.tsx": {"lines":{"total":5,"covered":5,"skipped":0,"pct":100},"functions":{"total":3,"covered":3,"skipped":0,"pct":100},"statements":{"total":5,"covered":5,"skipped":0,"pct":100},"branches":{"total":13,"covered":11,"skipped":0,"pct":84.61}}
,"/media/disk/development/labbar/typescript-testing/labb-3/HopefulHarvest/frontend/src/components/Modals/EditUserProfileModal.tsx": {"lines":{"total":33,"covered":4,"skipped":0,"pct":12.12},"functions":{"total":9,"covered":1,"skipped":0,"pct":11.11},"statements":{"total":35,"covered":4,"skipped":0,"pct":11.42},"branches":{"total":17,"covered":3,"skipped":0,"pct":17.64}}
,"/media/disk/development/labbar/typescript-testing/labb-3/HopefulHarvest/frontend/src/pages/CartCheckout.tsx": {"lines":{"total":7,"covered":4,"skipped":0,"pct":57.14},"functions":{"total":5,"covered":1,"skipped":0,"pct":20},"statements":{"total":12,"covered":5,"skipped":0,"pct":41.66},"branches":{"total":7,"covered":4,"skipped":0,"pct":57.14}}
,"/media/disk/development/labbar/typescript-testing/labb-3/HopefulHarvest/frontend/src/pages/ProductPage.tsx": {"lines":{"total":21,"covered":4,"skipped":0,"pct":19.04},"functions":{"total":11,"covered":1,"skipped":0,"pct":9.09},"statements":{"total":25,"covered":4,"skipped":0,"pct":16},"branches":{"total":5,"covered":3,"skipped":0,"pct":60}}
,"/media/disk/development/labbar/typescript-testing/labb-3/HopefulHarvest/frontend/src/pages/UploadedProducts.tsx": {"lines":{"total":13,"covered":13,"skipped":0,"pct":100},"functions":{"total":5,"covered":5,"skipped":0,"pct":100},"statements":{"total":16,"covered":16,"skipped":0,"pct":100},"branches":{"total":5,"covered":4,"skipped":0,"pct":80}}
,"/media/disk/development/labbar/typescript-testing/labb-3/HopefulHarvest/frontend/src/pages/UserDashboard.tsx": {"lines":{"total":17,"covered":16,"skipped":0,"pct":94.11},"functions":{"total":5,"covered":5,"skipped":0,"pct":100},"statements":{"total":21,"covered":20,"skipped":0,"pct":95.23},"branches":{"total":8,"covered":7,"skipped":0,"pct":87.5}}
,"/media/disk/development/labbar/typescript-testing/labb-3/HopefulHarvest/frontend/src/pages/UserProfile.tsx": {"lines":{"total":12,"covered":4,"skipped":0,"pct":33.33},"functions":{"total":5,"covered":1,"skipped":0,"pct":20},"statements":{"total":16,"covered":5,"skipped":0,"pct":31.25},"branches":{"total":5,"covered":4,"skipped":0,"pct":80}}
,"/media/disk/development/labbar/typescript-testing/labb-3/HopefulHarvest/frontend/src/zustand/customHooks.ts": {"lines":{"total":12,"covered":2,"skipped":0,"pct":16.66},"functions":{"total":8,"covered":1,"skipped":0,"pct":12.5},"statements":{"total":14,"covered":2,"skipped":0,"pct":14.28},"branches":{"total":1,"covered":0,"skipped":0,"pct":0}}
}
