TN:
SF:src/About.tsx
FN:1,(anonymous_0)
FN:10,(anonymous_1)
FNF:2
FNH:1
FNDA:3,(anonymous_0)
FNDA:0,(anonymous_1)
DA:1,24
DA:10,3
DA:11,0
DA:75,3
DA:77,3
LF:5
LH:4
BRDA:1,0,0,6
BRDA:1,0,1,3
BRDA:1,1,0,3
BRF:3
BRH:3
end_of_record
TN:
SF:src/App.tsx
FN:1,(anonymous_0)
FN:5,App
FNF:2
FNH:2
FNDA:3,(anonymous_0)
FNDA:6,App
DA:1,24
DA:7,6
DA:14,3
DA:16,3
LF:4
LH:4
BRDA:1,0,0,6
BRDA:1,0,1,3
BRDA:1,1,0,3
BRF:3
BRH:3
end_of_record
TN:
SF:src/Contact.tsx
FN:1,(anonymous_0)
FN:22,(anonymous_1)
FN:30,(anonymous_2)
FN:81,(anonymous_3)
FN:95,(anonymous_4)
FN:108,(anonymous_5)
FN:119,(anonymous_6)
FNF:7
FNH:1
FNDA:3,(anonymous_0)
FNDA:0,(anonymous_1)
FNDA:0,(anonymous_2)
FNDA:0,(anonymous_3)
FNDA:0,(anonymous_4)
FNDA:0,(anonymous_5)
FNDA:0,(anonymous_6)
DA:1,27
DA:22,3
DA:23,0
DA:24,0
DA:25,0
DA:26,0
DA:27,0
DA:28,0
DA:30,0
DA:31,0
DA:32,0
DA:34,0
DA:35,0
DA:36,0
DA:39,0
DA:40,0
DA:41,0
DA:44,0
DA:46,0
DA:47,0
DA:49,0
DA:54,0
DA:81,0
DA:95,0
DA:108,0
DA:119,0
DA:138,3
DA:140,3
LF:28
LH:4
BRDA:1,0,0,6
BRDA:1,0,1,3
BRDA:1,1,0,3
BRDA:35,2,0,0
BRDA:35,3,0,0
BRDA:35,3,1,0
BRDA:35,3,2,0
BRDA:35,3,3,0
BRDA:40,4,0,0
BRDA:46,5,0,0
BRDA:46,5,1,0
BRDA:69,6,0,0
BRDA:69,6,1,0
BRDA:83,7,0,0
BRDA:83,7,1,0
BRDA:83,7,2,0
BRDA:97,8,0,0
BRDA:97,8,1,0
BRDA:97,8,2,0
BRDA:110,9,0,0
BRDA:110,9,1,0
BRDA:110,9,2,0
BRDA:123,10,0,0
BRDA:123,10,1,0
BRDA:123,10,2,0
BRF:25
BRH:3
end_of_record
TN:
SF:src/Footer.tsx
FN:1,(anonymous_0)
FN:6,(anonymous_1)
FN:6,(anonymous_2)
FNF:3
FNH:3
FNDA:3,(anonymous_0)
FNDA:6,(anonymous_1)
FNDA:3,(anonymous_2)
DA:1,27
DA:6,6
DA:7,6
DA:9,6
DA:33,3
DA:35,3
LF:6
LH:6
BRDA:1,0,0,6
BRDA:1,0,1,3
BRDA:1,1,0,3
BRF:3
BRH:3
end_of_record
TN:
SF:src/Home.tsx
FN:1,(anonymous_0)
FN:12,(anonymous_1)
FN:15,(anonymous_2)
FN:17,(anonymous_3)
FN:18,(anonymous_4)
FN:19,(anonymous_5)
FN:29,(anonymous_6)
FNF:7
FNH:6
FNDA:3,(anonymous_0)
FNDA:6,(anonymous_1)
FNDA:2,(anonymous_2)
FNDA:2,(anonymous_3)
FNDA:2,(anonymous_4)
FNDA:0,(anonymous_5)
FNDA:80,(anonymous_6)
DA:1,24
DA:12,6
DA:13,6
DA:15,6
DA:16,2
DA:17,2
DA:18,2
DA:19,0
DA:22,6
DA:30,80
DA:47,3
DA:49,3
LF:12
LH:11
BRDA:1,0,0,3
BRDA:1,0,1,0
BRDA:1,1,0,3
BRDA:1,2,0,3
BRDA:1,2,1,3
BRF:5
BRH:4
end_of_record
TN:
SF:src/Navbar.tsx
FN:1,(anonymous_0)
FN:19,classNames
FN:22,(anonymous_2)
FN:24,(anonymous_3)
FN:48,(anonymous_4)
FN:63,(anonymous_5)
FN:66,(anonymous_6)
FN:78,(anonymous_7)
FN:94,(anonymous_8)
FN:117,(anonymous_9)
FN:120,(anonymous_10)
FN:122,(anonymous_11)
FN:22,(anonymous_12)
FNF:13
FNH:11
FNDA:3,(anonymous_0)
FNDA:220,classNames
FNDA:12,(anonymous_2)
FNDA:12,(anonymous_3)
FNDA:26,(anonymous_4)
FNDA:110,(anonymous_5)
FNDA:110,(anonymous_6)
FNDA:110,(anonymous_7)
FNDA:0,(anonymous_8)
FNDA:110,(anonymous_9)
FNDA:110,(anonymous_10)
FNDA:0,(anonymous_11)
FNDA:3,(anonymous_12)
DA:1,27
DA:20,220
DA:22,12
DA:23,12
DA:24,12
DA:25,12
DA:27,12
DA:29,12
DA:45,12
DA:49,26
DA:64,110
DA:67,110
DA:79,110
DA:94,0
DA:118,110
DA:121,110
DA:123,0
DA:146,3
DA:148,3
LF:19
LH:17
BRDA:1,0,0,6
BRDA:1,0,1,3
BRDA:1,1,0,3
BRDA:31,2,0,12
BRDA:31,2,1,2
BRDA:39,3,0,10
BRDA:39,3,1,2
BRDA:72,4,0,26
BRDA:72,4,1,84
BRDA:77,5,0,26
BRDA:77,5,1,84
BRDA:81,6,0,0
BRDA:81,6,1,110
BRDA:104,7,0,0
BRDA:104,7,1,26
BRDA:127,8,0,0
BRDA:127,8,1,0
BRDA:132,9,0,0
BRDA:132,9,1,0
BRF:19
BRH:13
end_of_record
TN:
SF:src/UserRegistration.tsx
FN:1,(anonymous_0)
FN:25,(anonymous_1)
FN:35,(anonymous_2)
FN:109,(anonymous_3)
FN:116,(anonymous_4)
FN:144,(anonymous_5)
FN:158,(anonymous_6)
FN:172,(anonymous_7)
FN:186,(anonymous_8)
FN:200,(anonymous_9)
FN:214,(anonymous_10)
FN:228,(anonymous_11)
FN:25,(anonymous_12)
FNF:13
FNH:1
FNDA:3,(anonymous_0)
FNDA:0,(anonymous_1)
FNDA:0,(anonymous_2)
FNDA:0,(anonymous_3)
FNDA:0,(anonymous_4)
FNDA:0,(anonymous_5)
FNDA:0,(anonymous_6)
FNDA:0,(anonymous_7)
FNDA:0,(anonymous_8)
FNDA:0,(anonymous_9)
FNDA:0,(anonymous_10)
FNDA:0,(anonymous_11)
FNDA:0,(anonymous_12)
DA:1,27
DA:25,3
DA:26,0
DA:27,0
DA:28,0
DA:29,0
DA:30,0
DA:31,0
DA:32,0
DA:33,0
DA:34,3
DA:35,0
DA:36,0
DA:37,0
DA:39,0
DA:40,0
DA:49,0
DA:52,0
DA:53,0
DA:54,0
DA:58,0
DA:60,0
DA:61,0
DA:66,0
DA:69,0
DA:79,0
DA:80,0
DA:91,0
DA:92,0
DA:93,0
DA:95,0
DA:96,0
DA:97,0
DA:100,0
DA:101,0
DA:103,0
DA:109,0
DA:110,0
DA:113,0
DA:116,0
DA:118,0
DA:122,0
DA:144,0
DA:158,0
DA:172,0
DA:186,0
DA:200,0
DA:214,0
DA:228,0
DA:247,3
DA:249,3
LF:51
LH:5
BRDA:1,0,0,6
BRDA:1,0,1,3
BRDA:1,1,0,3
BRDA:40,2,0,0
BRDA:41,3,0,0
BRDA:41,3,1,0
BRDA:41,3,2,0
BRDA:41,3,3,0
BRDA:41,3,4,0
BRDA:41,3,5,0
BRDA:41,3,6,0
BRDA:53,4,0,0
BRDA:60,5,0,0
BRDA:91,6,0,0
BRDA:91,6,1,0
BRDA:100,7,0,0
BRDA:100,7,1,0
BRDA:146,8,0,0
BRDA:146,8,1,0
BRDA:146,8,2,0
BRDA:160,9,0,0
BRDA:160,9,1,0
BRDA:160,9,2,0
BRDA:174,10,0,0
BRDA:174,10,1,0
BRDA:174,10,2,0
BRDA:188,11,0,0
BRDA:188,11,1,0
BRDA:188,11,2,0
BRDA:202,12,0,0
BRDA:202,12,1,0
BRDA:202,12,2,0
BRDA:216,13,0,0
BRDA:216,13,1,0
BRDA:216,13,2,0
BRDA:230,14,0,0
BRDA:230,14,1,0
BRDA:230,14,2,0
BRF:38
BRH:3
end_of_record
TN:
SF:src/login.tsx
FN:1,(anonymous_0)
FN:4,(anonymous_1)
FN:10,(anonymous_2)
FN:52,(anonymous_3)
FN:64,(anonymous_4)
FN:4,(anonymous_5)
FNF:6
FNH:6
FNDA:3,(anonymous_0)
FNDA:28,(anonymous_1)
FNDA:1,(anonymous_2)
FNDA:9,(anonymous_3)
FNDA:4,(anonymous_4)
FNDA:1,(anonymous_5)
DA:1,27
DA:4,28
DA:5,28
DA:6,28
DA:7,28
DA:8,28
DA:10,28
DA:11,1
DA:12,1
DA:13,1
DA:21,1
DA:22,1
DA:23,1
DA:24,1
DA:25,1
DA:26,1
DA:28,1
DA:30,0
DA:33,0
DA:34,0
DA:37,28
DA:52,9
DA:64,4
DA:83,3
DA:85,3
LF:25
LH:22
BRDA:1,0,0,6
BRDA:1,0,1,3
BRDA:1,1,0,3
BRDA:21,2,0,1
BRDA:21,2,1,0
BRDA:41,3,0,28
BRDA:41,3,1,0
BRF:7
BRH:5
end_of_record
TN:
SF:src/logout.tsx
FN:1,(anonymous_0)
FN:5,(anonymous_1)
FN:8,(anonymous_2)
FN:5,(anonymous_3)
FNF:4
FNH:3
FNDA:3,(anonymous_0)
FNDA:36,(anonymous_1)
FNDA:0,(anonymous_2)
FNDA:3,(anonymous_3)
DA:1,27
DA:5,36
DA:6,36
DA:8,36
DA:9,0
DA:10,0
DA:11,0
DA:13,0
DA:15,0
DA:19,36
DA:20,3
DA:22,3
LF:12
LH:7
BRDA:1,0,0,6
BRDA:1,0,1,3
BRDA:1,1,0,3
BRF:3
BRH:3
end_of_record
TN:
SF:src/main.tsx
FNF:0
FNH:0
DA:19,3
DA:75,3
LF:2
LH:2
BRF:0
BRH:0
end_of_record
TN:
SF:src/openModal.tsx
FN:1,(anonymous_0)
FN:18,BasicUsage
FNF:2
FNH:2
FNDA:3,(anonymous_0)
FNDA:6,BasicUsage
DA:1,24
DA:19,6
DA:56,3
DA:58,3
LF:4
LH:4
BRDA:1,0,0,6
BRDA:1,0,1,3
BRDA:1,1,0,3
BRF:3
BRH:3
end_of_record
TN:
SF:src/components/Cart/CartItem.tsx
FN:1,(anonymous_0)
FN:30,(anonymous_1)
FN:30,(anonymous_2)
FN:45,(anonymous_3)
FN:47,(anonymous_4)
FN:71,(anonymous_5)
FN:83,(anonymous_6)
FN:45,(anonymous_7)
FNF:8
FNH:1
FNDA:6,(anonymous_0)
FNDA:0,(anonymous_1)
FNDA:0,(anonymous_2)
FNDA:0,(anonymous_3)
FNDA:0,(anonymous_4)
FNDA:0,(anonymous_5)
FNDA:0,(anonymous_6)
FNDA:0,(anonymous_7)
DA:1,33
DA:30,3
DA:31,0
DA:35,3
DA:43,3
DA:45,6
DA:46,3
DA:47,0
DA:50,0
DA:71,0
DA:83,0
DA:98,3
LF:12
LH:7
BRDA:1,0,0,6
BRDA:1,0,1,3
BRDA:1,1,0,3
BRF:3
BRH:3
end_of_record
TN:
SF:src/components/Cart/CartOrderSummary.tsx
FN:1,(anonymous_0)
FN:9,(anonymous_1)
FN:19,CartOrderSummary
FN:20,(anonymous_3)
FN:22,(anonymous_4)
FN:23,(anonymous_5)
FN:33,(anonymous_6)
FN:53,(anonymous_7)
FN:61,(anonymous_8)
FN:19,(anonymous_9)
FNF:10
FNH:1
FNDA:6,(anonymous_0)
FNDA:0,(anonymous_1)
FNDA:0,CartOrderSummary
FNDA:0,(anonymous_3)
FNDA:0,(anonymous_4)
FNDA:0,(anonymous_5)
FNDA:0,(anonymous_6)
FNDA:0,(anonymous_7)
FNDA:0,(anonymous_8)
FNDA:0,(anonymous_9)
DA:1,27
DA:9,3
DA:10,0
DA:11,0
DA:17,3
DA:19,6
DA:20,0
DA:22,0
DA:23,3
DA:24,0
DA:33,0
DA:53,0
DA:61,0
DA:70,3
LF:14
LH:6
BRDA:1,0,0,3
BRDA:1,0,1,0
BRDA:1,1,0,3
BRDA:1,2,0,3
BRDA:1,2,1,3
BRDA:14,3,0,0
BRDA:14,3,1,0
BRDA:32,4,0,0
BRDA:32,4,1,0
BRDA:52,5,0,0
BRDA:52,5,1,0
BRF:11
BRH:4
end_of_record
TN:
SF:src/components/Cart/CartProductMeta.tsx
FN:1,(anonymous_0)
FN:19,(anonymous_1)
FNF:2
FNH:1
FNDA:3,(anonymous_0)
FNDA:0,(anonymous_1)
DA:1,24
DA:19,3
DA:20,0
DA:21,0
DA:51,3
LF:5
LH:3
BRDA:1,0,0,6
BRDA:1,0,1,3
BRDA:1,1,0,3
BRDA:20,2,0,0
BRDA:40,3,0,0
BRDA:40,3,1,0
BRF:6
BRH:3
end_of_record
TN:
SF:src/components/Cart/PriceTag.tsx
FN:1,(anonymous_0)
FN:21,formatPrice
FN:34,(anonymous_2)
FN:57,(anonymous_3)
FN:74,(anonymous_4)
FNF:5
FNH:1
FNDA:9,(anonymous_0)
FNDA:0,formatPrice
FNDA:0,(anonymous_2)
FNDA:0,(anonymous_3)
FNDA:0,(anonymous_4)
DA:1,30
DA:25,0
DA:26,0
DA:31,0
DA:34,3
DA:36,0
DA:37,0
DA:49,3
DA:57,3
DA:58,0
DA:59,0
DA:60,0
DA:61,0
DA:62,0
DA:72,3
DA:74,9
DA:75,0
DA:81,3
LF:18
LH:7
BRDA:1,0,0,6
BRDA:1,0,1,3
BRDA:1,1,0,3
BRDA:23,2,0,0
BRDA:25,3,0,0
BRDA:25,4,0,0
BRDA:42,5,0,0
BRDA:42,5,1,0
BRDA:61,6,0,0
BRDA:61,6,1,0
BRDA:67,7,0,0
BRDA:67,7,1,0
BRF:12
BRH:3
end_of_record
TN:
SF:src/components/Charts/DashboardSoldPerMonthChart.tsx
FN:1,(anonymous_0)
FN:12,DashboardSoldPerMonthChart
FNF:2
FNH:1
FNDA:3,(anonymous_0)
FNDA:0,DashboardSoldPerMonthChart
DA:1,24
DA:12,3
DA:13,0
DA:21,0
DA:59,0
DA:60,3
LF:6
LH:3
BRDA:1,0,0,6
BRDA:1,0,1,3
BRDA:1,1,0,3
BRF:3
BRH:3
end_of_record
TN:
SF:src/components/Drawers/DashboardDrawer.tsx
FN:1,(anonymous_0)
FN:31,DashboardDrawer
FN:89,(anonymous_2)
FNF:3
FNH:3
FNDA:3,(anonymous_0)
FNDA:26,DashboardDrawer
FNDA:1,(anonymous_2)
DA:1,27
DA:31,3
DA:40,26
DA:41,26
DA:43,26
DA:90,1
DA:91,1
DA:125,3
LF:8
LH:8
BRDA:1,0,0,6
BRDA:1,0,1,3
BRDA:1,1,0,3
BRDA:68,2,0,26
BRDA:68,2,1,18
BRDA:68,2,2,18
BRF:6
BRH:6
end_of_record
TN:
SF:src/components/Drawers/UploadProductDrawer.tsx
FN:1,(anonymous_0)
FN:31,UploadProductDrawer
FN:49,(anonymous_2)
FN:78,(anonymous_3)
FN:31,(anonymous_4)
FNF:5
FNH:5
FNDA:3,(anonymous_0)
FNDA:44,UploadProductDrawer
FNDA:1,(anonymous_2)
FNDA:5,(anonymous_3)
FNDA:2,(anonymous_4)
DA:1,27
DA:31,3
DA:34,44
DA:35,44
DA:36,44
DA:37,44
DA:44,44
DA:49,44
DA:50,1
DA:51,1
DA:52,1
DA:53,1
DA:54,1
DA:55,1
DA:56,1
DA:57,1
DA:58,1
DA:66,1
DA:67,0
DA:69,1
DA:70,1
DA:72,0
DA:74,1
DA:78,44
DA:79,5
DA:80,5
DA:83,44
DA:120,3
LF:28
LH:26
BRDA:1,0,0,6
BRDA:1,0,1,3
BRDA:1,1,0,3
BRDA:52,2,0,1
BRDA:52,2,1,0
BRDA:66,3,0,0
BRDA:79,4,0,5
BRDA:79,4,1,1
BRF:8
BRH:6
end_of_record
TN:
SF:src/components/Forms/UploadProductForm.tsx
FN:1,(anonymous_0)
FN:27,UploadProductForm
FN:104,(anonymous_2)
FNF:3
FNH:3
FNDA:3,(anonymous_0)
FNDA:20,UploadProductForm
FNDA:1,(anonymous_2)
DA:1,24
DA:27,3
DA:36,20
DA:104,1
DA:115,3
LF:5
LH:5
BRDA:1,0,0,6
BRDA:1,0,1,3
BRDA:1,1,0,3
BRDA:42,2,0,20
BRDA:42,2,1,2
BRDA:58,3,0,20
BRDA:58,3,1,0
BRDA:69,4,0,20
BRDA:69,4,1,0
BRDA:80,5,0,20
BRDA:80,5,1,2
BRDA:104,6,0,1
BRDA:104,6,1,1
BRF:13
BRH:11
end_of_record
TN:
SF:src/components/Modals/EditUserProfileModal.tsx
FN:1,(anonymous_0)
FN:33,EditUserProfileModal
FN:51,(anonymous_2)
FN:64,(anonymous_3)
FN:99,(anonymous_4)
FN:112,(anonymous_5)
FN:116,(anonymous_6)
FN:120,(anonymous_7)
FN:33,(anonymous_8)
FNF:9
FNH:1
FNDA:3,(anonymous_0)
FNDA:0,EditUserProfileModal
FNDA:0,(anonymous_2)
FNDA:0,(anonymous_3)
FNDA:0,(anonymous_4)
FNDA:0,(anonymous_5)
FNDA:0,(anonymous_6)
FNDA:0,(anonymous_7)
FNDA:0,(anonymous_8)
DA:1,27
DA:33,3
DA:36,0
DA:37,0
DA:38,0
DA:39,0
DA:46,3
DA:51,0
DA:52,0
DA:64,0
DA:65,0
DA:66,0
DA:71,0
DA:74,0
DA:75,0
DA:79,0
DA:82,0
DA:94,0
DA:95,0
DA:96,0
DA:99,0
DA:100,0
DA:107,0
DA:108,0
DA:109,0
DA:112,0
DA:113,0
DA:116,0
DA:117,0
DA:120,0
DA:121,0
DA:124,0
DA:188,3
LF:33
LH:4
BRDA:1,0,0,6
BRDA:1,0,1,3
BRDA:1,1,0,3
BRDA:65,2,0,0
BRDA:74,3,0,0
BRDA:89,4,0,0
BRDA:89,4,1,0
BRDA:90,5,0,0
BRDA:90,5,1,0
BRDA:136,6,0,0
BRDA:136,6,1,0
BRDA:140,7,0,0
BRDA:140,7,1,0
BRDA:153,8,0,0
BRDA:153,8,1,0
BRDA:158,9,0,0
BRDA:158,9,1,0
BRF:17
BRH:3
end_of_record
TN:
SF:src/pages/CartCheckout.tsx
FN:1,(anonymous_0)
FN:23,CartCheckout
FN:24,(anonymous_2)
FN:45,(anonymous_3)
FN:23,(anonymous_4)
FNF:5
FNH:1
FNDA:3,(anonymous_0)
FNDA:0,CartCheckout
FNDA:0,(anonymous_2)
FNDA:0,(anonymous_3)
FNDA:0,(anonymous_4)
DA:1,24
DA:23,3
DA:24,3
DA:25,0
DA:26,0
DA:46,0
DA:66,3
LF:7
LH:4
BRDA:1,0,0,3
BRDA:1,0,1,0
BRDA:1,1,0,3
BRDA:1,2,0,3
BRDA:1,2,1,3
BRDA:44,3,0,0
BRDA:44,3,1,0
BRF:7
BRH:4
end_of_record
TN:
SF:src/pages/ProductPage.tsx
FN:1,(anonymous_0)
FN:22,ProductPage
FN:25,(anonymous_2)
FN:28,(anonymous_3)
FN:30,(anonymous_4)
FN:53,(anonymous_5)
FN:60,(anonymous_6)
FN:71,(anonymous_7)
FN:93,(anonymous_8)
FN:99,(anonymous_9)
FN:22,(anonymous_10)
FNF:11
FNH:1
FNDA:3,(anonymous_0)
FNDA:0,ProductPage
FNDA:0,(anonymous_2)
FNDA:0,(anonymous_3)
FNDA:0,(anonymous_4)
FNDA:0,(anonymous_5)
FNDA:0,(anonymous_6)
FNDA:0,(anonymous_7)
FNDA:0,(anonymous_8)
FNDA:0,(anonymous_9)
FNDA:0,(anonymous_10)
DA:1,27
DA:22,3
DA:23,0
DA:24,0
DA:25,0
DA:28,3
DA:30,0
DA:31,0
DA:32,0
DA:42,0
DA:43,0
DA:44,0
DA:46,0
DA:53,0
DA:54,0
DA:57,0
DA:61,0
DA:71,0
DA:93,0
DA:99,0
DA:110,3
LF:21
LH:4
BRDA:1,0,0,6
BRDA:1,0,1,3
BRDA:1,1,0,3
BRDA:59,2,0,0
BRDA:59,2,1,0
BRF:5
BRH:3
end_of_record
TN:
SF:src/pages/UploadedProducts.tsx
FN:1,(anonymous_0)
FN:12,UploadedProducts
FN:14,(anonymous_2)
FN:27,(anonymous_3)
FN:34,(anonymous_4)
FNF:5
FNH:5
FNDA:3,(anonymous_0)
FNDA:10,UploadedProducts
FNDA:4,(anonymous_2)
FNDA:4,(anonymous_3)
FNDA:78,(anonymous_4)
DA:1,24
DA:12,10
DA:13,10
DA:14,10
DA:15,4
DA:22,4
DA:23,4
DA:24,4
DA:27,10
DA:28,4
DA:31,10
DA:35,78
DA:51,3
LF:13
LH:13
BRDA:1,0,0,3
BRDA:1,0,1,0
BRDA:1,1,0,3
BRDA:1,2,0,3
BRDA:1,2,1,3
BRF:5
BRH:4
end_of_record
TN:
SF:src/pages/UserDashboard.tsx
FN:1,(anonymous_0)
FN:15,UserDashboard
FN:30,(anonymous_2)
FN:52,(anonymous_3)
FN:15,(anonymous_4)
FNF:5
FNH:5
FNDA:3,(anonymous_0)
FNDA:26,UserDashboard
FNDA:4,(anonymous_2)
FNDA:4,(anonymous_3)
FNDA:2,(anonymous_4)
DA:1,24
DA:15,26
DA:21,26
DA:26,26
DA:27,26
DA:29,26
DA:30,26
DA:31,4
DA:32,4
DA:39,4
DA:41,4
DA:46,4
DA:48,0
DA:52,26
DA:53,4
DA:56,26
DA:77,3
LF:17
LH:16
BRDA:1,0,0,3
BRDA:1,0,1,0
BRDA:1,1,0,3
BRDA:1,2,0,3
BRDA:1,2,1,3
BRDA:59,3,0,26
BRDA:59,3,1,18
BRDA:59,3,2,18
BRF:8
BRH:7
end_of_record
TN:
SF:src/pages/UserProfile.tsx
FN:1,(anonymous_0)
FN:6,UserProfile
FN:9,(anonymous_2)
FN:22,(anonymous_3)
FN:6,(anonymous_4)
FNF:5
FNH:1
FNDA:3,(anonymous_0)
FNDA:0,UserProfile
FNDA:0,(anonymous_2)
FNDA:0,(anonymous_3)
FNDA:0,(anonymous_4)
DA:1,24
DA:6,3
DA:7,3
DA:8,0
DA:9,0
DA:10,0
DA:18,0
DA:19,0
DA:22,0
DA:23,0
DA:26,0
DA:40,3
LF:12
LH:4
BRDA:1,0,0,3
BRDA:1,0,1,0
BRDA:1,1,0,3
BRDA:1,2,0,3
BRDA:1,2,1,3
BRF:5
BRH:4
end_of_record
TN:
SF:src/zustand/customHooks.ts
FN:28,(anonymous_0)
FN:30,(anonymous_1)
FN:31,(anonymous_2)
FN:35,(anonymous_3)
FN:36,(anonymous_4)
FN:38,(anonymous_5)
FN:47,(anonymous_6)
FN:47,(anonymous_7)
FNF:8
FNH:1
FNDA:3,(anonymous_0)
FNDA:0,(anonymous_1)
FNDA:0,(anonymous_2)
FNDA:0,(anonymous_3)
FNDA:0,(anonymous_4)
FNDA:0,(anonymous_5)
FNDA:0,(anonymous_6)
FNDA:0,(anonymous_7)
DA:26,3
DA:28,3
DA:31,0
DA:36,0
DA:37,0
DA:38,0
DA:40,0
DA:41,0
DA:42,0
DA:43,0
DA:45,0
DA:47,0
LF:12
LH:2
BRDA:40,0,0,0
BRF:1
BRH:0
end_of_record
