TN:
SF:src/About.tsx
FN:1,(anonymous_0)
FN:10,(anonymous_1)
FNF:2
FNH:1
FNDA:9,(anonymous_0)
FNDA:0,(anonymous_1)
DA:1,72
DA:10,9
DA:11,0
DA:75,9
DA:77,9
LF:5
LH:4
BRDA:1,0,0,18
BRDA:1,0,1,9
BRDA:1,1,0,9
BRF:3
BRH:3
end_of_record
TN:
SF:src/App.tsx
FN:1,(anonymous_0)
FN:5,App
FNF:2
FNH:2
FNDA:9,(anonymous_0)
FNDA:18,App
DA:1,72
DA:7,18
DA:14,9
DA:16,9
LF:4
LH:4
BRDA:1,0,0,18
BRDA:1,0,1,9
BRDA:1,1,0,9
BRF:3
BRH:3
end_of_record
TN:
SF:src/Contact.tsx
FN:1,(anonymous_0)
FN:22,(anonymous_1)
FN:30,(anonymous_2)
FN:81,(anonymous_3)
FN:95,(anonymous_4)
FN:108,(anonymous_5)
FN:119,(anonymous_6)
FNF:7
FNH:1
FNDA:9,(anonymous_0)
FNDA:0,(anonymous_1)
FNDA:0,(anonymous_2)
FNDA:0,(anonymous_3)
FNDA:0,(anonymous_4)
FNDA:0,(anonymous_5)
FNDA:0,(anonymous_6)
DA:1,81
DA:22,9
DA:23,0
DA:24,0
DA:25,0
DA:26,0
DA:27,0
DA:28,0
DA:30,0
DA:31,0
DA:32,0
DA:34,0
DA:35,0
DA:36,0
DA:39,0
DA:40,0
DA:41,0
DA:44,0
DA:46,0
DA:47,0
DA:49,0
DA:54,0
DA:81,0
DA:95,0
DA:108,0
DA:119,0
DA:138,9
DA:140,9
LF:28
LH:4
BRDA:1,0,0,18
BRDA:1,0,1,9
BRDA:1,1,0,9
BRDA:35,2,0,0
BRDA:35,3,0,0
BRDA:35,3,1,0
BRDA:35,3,2,0
BRDA:35,3,3,0
BRDA:40,4,0,0
BRDA:46,5,0,0
BRDA:46,5,1,0
BRDA:69,6,0,0
BRDA:69,6,1,0
BRDA:83,7,0,0
BRDA:83,7,1,0
BRDA:83,7,2,0
BRDA:97,8,0,0
BRDA:97,8,1,0
BRDA:97,8,2,0
BRDA:110,9,0,0
BRDA:110,9,1,0
BRDA:110,9,2,0
BRDA:123,10,0,0
BRDA:123,10,1,0
BRDA:123,10,2,0
BRF:25
BRH:3
end_of_record
TN:
SF:src/Footer.tsx
FN:1,(anonymous_0)
FN:6,(anonymous_1)
FN:6,(anonymous_2)
FNF:3
FNH:3
FNDA:9,(anonymous_0)
FNDA:18,(anonymous_1)
FNDA:9,(anonymous_2)
DA:1,81
DA:6,18
DA:7,18
DA:9,18
DA:33,9
DA:35,9
LF:6
LH:6
BRDA:1,0,0,18
BRDA:1,0,1,9
BRDA:1,1,0,9
BRF:3
BRH:3
end_of_record
TN:
SF:src/Home.tsx
FN:1,(anonymous_0)
FN:12,(anonymous_1)
FN:15,(anonymous_2)
FN:17,(anonymous_3)
FN:18,(anonymous_4)
FN:19,(anonymous_5)
FN:29,(anonymous_6)
FNF:7
FNH:1
FNDA:9,(anonymous_0)
FNDA:0,(anonymous_1)
FNDA:0,(anonymous_2)
FNDA:0,(anonymous_3)
FNDA:0,(anonymous_4)
FNDA:0,(anonymous_5)
FNDA:0,(anonymous_6)
DA:1,72
DA:12,9
DA:13,0
DA:15,0
DA:16,0
DA:17,0
DA:18,0
DA:19,0
DA:22,0
DA:30,0
DA:47,9
DA:49,9
LF:12
LH:4
BRDA:1,0,0,9
BRDA:1,0,1,0
BRDA:1,1,0,9
BRDA:1,2,0,9
BRDA:1,2,1,9
BRF:5
BRH:4
end_of_record
TN:
SF:src/Navbar.tsx
FN:1,(anonymous_0)
FN:19,classNames
FN:22,(anonymous_2)
FN:24,(anonymous_3)
FN:48,(anonymous_4)
FN:63,(anonymous_5)
FN:66,(anonymous_6)
FN:78,(anonymous_7)
FN:94,(anonymous_8)
FN:117,(anonymous_9)
FN:120,(anonymous_10)
FN:122,(anonymous_11)
FN:22,(anonymous_12)
FNF:13
FNH:11
FNDA:9,(anonymous_0)
FNDA:540,classNames
FNDA:18,(anonymous_2)
FNDA:18,(anonymous_3)
FNDA:54,(anonymous_4)
FNDA:270,(anonymous_5)
FNDA:270,(anonymous_6)
FNDA:270,(anonymous_7)
FNDA:0,(anonymous_8)
FNDA:270,(anonymous_9)
FNDA:270,(anonymous_10)
FNDA:0,(anonymous_11)
FNDA:9,(anonymous_12)
DA:1,81
DA:20,540
DA:22,18
DA:23,18
DA:24,18
DA:25,18
DA:27,18
DA:29,18
DA:45,18
DA:49,54
DA:64,270
DA:67,270
DA:79,270
DA:94,0
DA:118,270
DA:121,270
DA:123,0
DA:146,9
DA:148,9
LF:19
LH:17
BRDA:1,0,0,18
BRDA:1,0,1,9
BRDA:1,1,0,9
BRDA:31,2,0,18
BRDA:31,2,1,18
BRDA:39,3,0,0
BRDA:39,3,1,18
BRDA:72,4,0,54
BRDA:72,4,1,216
BRDA:77,5,0,54
BRDA:77,5,1,216
BRDA:81,6,0,0
BRDA:81,6,1,270
BRDA:104,7,0,0
BRDA:104,7,1,54
BRDA:127,8,0,0
BRDA:127,8,1,0
BRDA:132,9,0,0
BRDA:132,9,1,0
BRF:19
BRH:12
end_of_record
TN:
SF:src/UserRegistration.tsx
FN:1,(anonymous_0)
FN:25,(anonymous_1)
FN:35,(anonymous_2)
FN:109,(anonymous_3)
FN:116,(anonymous_4)
FN:144,(anonymous_5)
FN:158,(anonymous_6)
FN:172,(anonymous_7)
FN:186,(anonymous_8)
FN:200,(anonymous_9)
FN:214,(anonymous_10)
FN:228,(anonymous_11)
FN:25,(anonymous_12)
FNF:13
FNH:1
FNDA:9,(anonymous_0)
FNDA:0,(anonymous_1)
FNDA:0,(anonymous_2)
FNDA:0,(anonymous_3)
FNDA:0,(anonymous_4)
FNDA:0,(anonymous_5)
FNDA:0,(anonymous_6)
FNDA:0,(anonymous_7)
FNDA:0,(anonymous_8)
FNDA:0,(anonymous_9)
FNDA:0,(anonymous_10)
FNDA:0,(anonymous_11)
FNDA:0,(anonymous_12)
DA:1,81
DA:25,9
DA:26,0
DA:27,0
DA:28,0
DA:29,0
DA:30,0
DA:31,0
DA:32,0
DA:33,0
DA:34,9
DA:35,0
DA:36,0
DA:37,0
DA:39,0
DA:40,0
DA:49,0
DA:52,0
DA:53,0
DA:54,0
DA:58,0
DA:60,0
DA:61,0
DA:66,0
DA:69,0
DA:79,0
DA:80,0
DA:91,0
DA:92,0
DA:93,0
DA:95,0
DA:96,0
DA:97,0
DA:100,0
DA:101,0
DA:103,0
DA:109,0
DA:110,0
DA:113,0
DA:116,0
DA:118,0
DA:122,0
DA:144,0
DA:158,0
DA:172,0
DA:186,0
DA:200,0
DA:214,0
DA:228,0
DA:247,9
DA:249,9
LF:51
LH:5
BRDA:1,0,0,18
BRDA:1,0,1,9
BRDA:1,1,0,9
BRDA:40,2,0,0
BRDA:41,3,0,0
BRDA:41,3,1,0
BRDA:41,3,2,0
BRDA:41,3,3,0
BRDA:41,3,4,0
BRDA:41,3,5,0
BRDA:41,3,6,0
BRDA:53,4,0,0
BRDA:60,5,0,0
BRDA:91,6,0,0
BRDA:91,6,1,0
BRDA:100,7,0,0
BRDA:100,7,1,0
BRDA:146,8,0,0
BRDA:146,8,1,0
BRDA:146,8,2,0
BRDA:160,9,0,0
BRDA:160,9,1,0
BRDA:160,9,2,0
BRDA:174,10,0,0
BRDA:174,10,1,0
BRDA:174,10,2,0
BRDA:188,11,0,0
BRDA:188,11,1,0
BRDA:188,11,2,0
BRDA:202,12,0,0
BRDA:202,12,1,0
BRDA:202,12,2,0
BRDA:216,13,0,0
BRDA:216,13,1,0
BRDA:216,13,2,0
BRDA:230,14,0,0
BRDA:230,14,1,0
BRDA:230,14,2,0
BRF:38
BRH:3
end_of_record
TN:
SF:src/login.tsx
FN:1,(anonymous_0)
FN:4,(anonymous_1)
FN:10,(anonymous_2)
FN:52,(anonymous_3)
FN:64,(anonymous_4)
FN:4,(anonymous_5)
FNF:6
FNH:6
FNDA:9,(anonymous_0)
FNDA:150,(anonymous_1)
FNDA:5,(anonymous_2)
FNDA:45,(anonymous_3)
FNDA:20,(anonymous_4)
FNDA:5,(anonymous_5)
DA:1,81
DA:4,150
DA:5,150
DA:6,150
DA:7,150
DA:8,150
DA:10,150
DA:11,5
DA:12,5
DA:13,5
DA:21,0
DA:22,0
DA:23,0
DA:24,0
DA:25,0
DA:26,0
DA:28,0
DA:30,0
DA:33,5
DA:34,5
DA:37,150
DA:52,45
DA:64,20
DA:83,9
DA:85,9
LF:25
LH:17
BRDA:1,0,0,18
BRDA:1,0,1,9
BRDA:1,1,0,9
BRDA:21,2,0,0
BRDA:21,2,1,0
BRDA:41,3,0,150
BRDA:41,3,1,10
BRF:7
BRH:5
end_of_record
TN:
SF:src/logout.tsx
FN:1,(anonymous_0)
FN:5,(anonymous_1)
FN:8,(anonymous_2)
FN:5,(anonymous_3)
FNF:4
FNH:3
FNDA:9,(anonymous_0)
FNDA:24,(anonymous_1)
FNDA:0,(anonymous_2)
FNDA:4,(anonymous_3)
DA:1,81
DA:5,24
DA:6,24
DA:8,24
DA:9,0
DA:10,0
DA:11,0
DA:13,0
DA:15,0
DA:19,24
DA:20,9
DA:22,9
LF:12
LH:7
BRDA:1,0,0,18
BRDA:1,0,1,9
BRDA:1,1,0,9
BRF:3
BRH:3
end_of_record
TN:
SF:src/main.tsx
FNF:0
FNH:0
DA:19,9
DA:75,9
LF:2
LH:2
BRF:0
BRH:0
end_of_record
TN:
SF:src/openModal.tsx
FN:1,(anonymous_0)
FN:18,BasicUsage
FNF:2
FNH:2
FNDA:9,(anonymous_0)
FNDA:18,BasicUsage
DA:1,72
DA:19,18
DA:56,9
DA:58,9
LF:4
LH:4
BRDA:1,0,0,18
BRDA:1,0,1,9
BRDA:1,1,0,9
BRF:3
BRH:3
end_of_record
TN:
SF:src/components/Cart/CartItem.tsx
FN:1,(anonymous_0)
FN:30,(anonymous_1)
FN:30,(anonymous_2)
FN:45,(anonymous_3)
FN:47,(anonymous_4)
FN:71,(anonymous_5)
FN:83,(anonymous_6)
FN:45,(anonymous_7)
FNF:8
FNH:1
FNDA:18,(anonymous_0)
FNDA:0,(anonymous_1)
FNDA:0,(anonymous_2)
FNDA:0,(anonymous_3)
FNDA:0,(anonymous_4)
FNDA:0,(anonymous_5)
FNDA:0,(anonymous_6)
FNDA:0,(anonymous_7)
DA:1,99
DA:30,9
DA:31,0
DA:35,9
DA:43,9
DA:45,18
DA:46,9
DA:47,0
DA:50,0
DA:71,0
DA:83,0
DA:98,9
LF:12
LH:7
BRDA:1,0,0,18
BRDA:1,0,1,9
BRDA:1,1,0,9
BRF:3
BRH:3
end_of_record
TN:
SF:src/components/Cart/CartOrderSummary.tsx
FN:1,(anonymous_0)
FN:9,(anonymous_1)
FN:19,CartOrderSummary
FN:20,(anonymous_3)
FN:22,(anonymous_4)
FN:23,(anonymous_5)
FN:33,(anonymous_6)
FN:53,(anonymous_7)
FN:61,(anonymous_8)
FN:19,(anonymous_9)
FNF:10
FNH:1
FNDA:18,(anonymous_0)
FNDA:0,(anonymous_1)
FNDA:0,CartOrderSummary
FNDA:0,(anonymous_3)
FNDA:0,(anonymous_4)
FNDA:0,(anonymous_5)
FNDA:0,(anonymous_6)
FNDA:0,(anonymous_7)
FNDA:0,(anonymous_8)
FNDA:0,(anonymous_9)
DA:1,81
DA:9,9
DA:10,0
DA:11,0
DA:17,9
DA:19,18
DA:20,0
DA:22,0
DA:23,9
DA:24,0
DA:33,0
DA:53,0
DA:61,0
DA:70,9
LF:14
LH:6
BRDA:1,0,0,9
BRDA:1,0,1,0
BRDA:1,1,0,9
BRDA:1,2,0,9
BRDA:1,2,1,9
BRDA:14,3,0,0
BRDA:14,3,1,0
BRDA:32,4,0,0
BRDA:32,4,1,0
BRDA:52,5,0,0
BRDA:52,5,1,0
BRF:11
BRH:4
end_of_record
TN:
SF:src/components/Cart/CartProductMeta.tsx
FN:1,(anonymous_0)
FN:19,(anonymous_1)
FNF:2
FNH:1
FNDA:9,(anonymous_0)
FNDA:0,(anonymous_1)
DA:1,72
DA:19,9
DA:20,0
DA:21,0
DA:51,9
LF:5
LH:3
BRDA:1,0,0,18
BRDA:1,0,1,9
BRDA:1,1,0,9
BRDA:20,2,0,0
BRDA:40,3,0,0
BRDA:40,3,1,0
BRF:6
BRH:3
end_of_record
TN:
SF:src/components/Cart/PriceTag.tsx
FN:1,(anonymous_0)
FN:21,formatPrice
FN:34,(anonymous_2)
FN:57,(anonymous_3)
FN:74,(anonymous_4)
FNF:5
FNH:1
FNDA:27,(anonymous_0)
FNDA:0,formatPrice
FNDA:0,(anonymous_2)
FNDA:0,(anonymous_3)
FNDA:0,(anonymous_4)
DA:1,90
DA:25,0
DA:26,0
DA:31,0
DA:34,9
DA:36,0
DA:37,0
DA:49,9
DA:57,9
DA:58,0
DA:59,0
DA:60,0
DA:61,0
DA:62,0
DA:72,9
DA:74,27
DA:75,0
DA:81,9
LF:18
LH:7
BRDA:1,0,0,18
BRDA:1,0,1,9
BRDA:1,1,0,9
BRDA:23,2,0,0
BRDA:25,3,0,0
BRDA:25,4,0,0
BRDA:42,5,0,0
BRDA:42,5,1,0
BRDA:61,6,0,0
BRDA:61,6,1,0
BRDA:67,7,0,0
BRDA:67,7,1,0
BRF:12
BRH:3
end_of_record
TN:
SF:src/components/Charts/DashboardSoldPerMonthChart.tsx
FN:1,(anonymous_0)
FN:12,DashboardSoldPerMonthChart
FNF:2
FNH:1
FNDA:9,(anonymous_0)
FNDA:0,DashboardSoldPerMonthChart
DA:1,72
DA:12,9
DA:13,0
DA:21,0
DA:59,0
DA:60,9
LF:6
LH:3
BRDA:1,0,0,18
BRDA:1,0,1,9
BRDA:1,1,0,9
BRF:3
BRH:3
end_of_record
TN:
SF:src/components/Drawers/DashboardDrawer.tsx
FN:1,(anonymous_0)
FN:31,DashboardDrawer
FN:89,(anonymous_2)
FNF:3
FNH:3
FNDA:9,(anonymous_0)
FNDA:24,DashboardDrawer
FNDA:2,(anonymous_2)
DA:1,81
DA:31,9
DA:40,24
DA:41,24
DA:43,24
DA:90,2
DA:91,2
DA:125,9
LF:8
LH:8
BRDA:1,0,0,18
BRDA:1,0,1,9
BRDA:1,1,0,9
BRDA:68,2,0,24
BRDA:68,2,1,0
BRDA:68,2,2,0
BRF:6
BRH:4
end_of_record
TN:
SF:src/components/Drawers/UploadProductDrawer.tsx
FN:1,(anonymous_0)
FN:31,UploadProductDrawer
FN:49,(anonymous_2)
FN:78,(anonymous_3)
FN:31,(anonymous_4)
FNF:5
FNH:4
FNDA:9,(anonymous_0)
FNDA:24,UploadProductDrawer
FNDA:0,(anonymous_2)
FNDA:8,(anonymous_3)
FNDA:4,(anonymous_4)
DA:1,81
DA:31,9
DA:34,24
DA:35,24
DA:36,24
DA:37,24
DA:44,24
DA:49,24
DA:50,0
DA:51,0
DA:52,0
DA:53,0
DA:54,0
DA:55,0
DA:56,0
DA:57,0
DA:58,0
DA:66,0
DA:67,0
DA:69,0
DA:70,0
DA:72,0
DA:74,0
DA:78,24
DA:79,8
DA:80,8
DA:83,24
DA:120,9
LF:28
LH:13
BRDA:1,0,0,18
BRDA:1,0,1,9
BRDA:1,1,0,9
BRDA:52,2,0,0
BRDA:52,2,1,0
BRDA:66,3,0,0
BRDA:79,4,0,8
BRDA:79,4,1,0
BRF:8
BRH:4
end_of_record
TN:
SF:src/components/Forms/UploadProductForm.tsx
FN:1,(anonymous_0)
FN:27,UploadProductForm
FN:104,(anonymous_2)
FNF:3
FNH:2
FNDA:9,(anonymous_0)
FNDA:4,UploadProductForm
FNDA:0,(anonymous_2)
DA:1,72
DA:27,9
DA:36,4
DA:104,0
DA:115,9
LF:5
LH:4
BRDA:1,0,0,18
BRDA:1,0,1,9
BRDA:1,1,0,9
BRDA:42,2,0,4
BRDA:42,2,1,0
BRDA:58,3,0,4
BRDA:58,3,1,0
BRDA:69,4,0,4
BRDA:69,4,1,0
BRDA:80,5,0,4
BRDA:80,5,1,0
BRDA:104,6,0,0
BRDA:104,6,1,0
BRF:13
BRH:7
end_of_record
TN:
SF:src/components/Modals/EditUserProfileModal.tsx
FN:1,(anonymous_0)
FN:35,EditUserProfileModal
FN:55,(anonymous_2)
FN:68,(anonymous_3)
FN:105,(anonymous_4)
FN:120,(anonymous_5)
FN:124,(anonymous_6)
FN:128,(anonymous_7)
FN:35,(anonymous_8)
FNF:9
FNH:1
FNDA:9,(anonymous_0)
FNDA:0,EditUserProfileModal
FNDA:0,(anonymous_2)
FNDA:0,(anonymous_3)
FNDA:0,(anonymous_4)
FNDA:0,(anonymous_5)
FNDA:0,(anonymous_6)
FNDA:0,(anonymous_7)
FNDA:0,(anonymous_8)
DA:1,81
DA:35,9
DA:40,0
DA:41,0
DA:42,0
DA:43,0
DA:50,9
DA:55,0
DA:56,0
DA:68,0
DA:69,0
DA:70,0
DA:75,0
DA:78,0
DA:79,0
DA:83,0
DA:86,0
DA:100,0
DA:101,0
DA:102,0
DA:104,0
DA:105,0
DA:106,0
DA:115,0
DA:116,0
DA:117,0
DA:120,0
DA:121,0
DA:124,0
DA:125,0
DA:128,0
DA:129,0
DA:132,0
DA:199,9
LF:34
LH:4
BRDA:1,0,0,18
BRDA:1,0,1,9
BRDA:1,1,0,9
BRDA:69,2,0,0
BRDA:78,3,0,0
BRDA:90,4,0,0
BRDA:90,4,1,0
BRDA:95,5,0,0
BRDA:95,5,1,0
BRDA:96,6,0,0
BRDA:96,6,1,0
BRDA:110,7,0,0
BRDA:110,7,1,0
BRDA:136,8,0,0
BRDA:136,8,1,0
BRDA:147,9,0,0
BRDA:147,9,1,0
BRDA:151,10,0,0
BRDA:151,10,1,0
BRDA:164,11,0,0
BRDA:164,11,1,0
BRDA:169,12,0,0
BRDA:169,12,1,0
BRF:23
BRH:3
end_of_record
TN:
SF:src/components/Products/UserProducts.tsx
FN:1,(anonymous_0)
FN:18,UserProducts
FN:44,(anonymous_2)
FN:50,(anonymous_3)
FNF:4
FNH:1
FNDA:9,(anonymous_0)
FNDA:0,UserProducts
FNDA:0,(anonymous_2)
FNDA:0,(anonymous_3)
DA:1,72
DA:18,9
DA:23,0
DA:24,0
DA:44,0
DA:51,0
DA:52,0
DA:60,9
LF:8
LH:3
BRDA:1,0,0,18
BRDA:1,0,1,9
BRDA:1,1,0,9
BRF:3
BRH:3
end_of_record
TN:
SF:src/pages/CartCheckout.tsx
FN:1,(anonymous_0)
FN:23,CartCheckout
FN:24,(anonymous_2)
FN:45,(anonymous_3)
FN:23,(anonymous_4)
FNF:5
FNH:1
FNDA:9,(anonymous_0)
FNDA:0,CartCheckout
FNDA:0,(anonymous_2)
FNDA:0,(anonymous_3)
FNDA:0,(anonymous_4)
DA:1,72
DA:23,9
DA:24,9
DA:25,0
DA:26,0
DA:46,0
DA:66,9
LF:7
LH:4
BRDA:1,0,0,9
BRDA:1,0,1,0
BRDA:1,1,0,9
BRDA:1,2,0,9
BRDA:1,2,1,9
BRDA:44,3,0,0
BRDA:44,3,1,0
BRF:7
BRH:4
end_of_record
TN:
SF:src/pages/ProductPage.tsx
FN:1,(anonymous_0)
FN:21,ProductPage
FN:24,(anonymous_2)
FN:27,(anonymous_3)
FN:29,(anonymous_4)
FN:52,(anonymous_5)
FN:59,(anonymous_6)
FN:70,(anonymous_7)
FN:21,(anonymous_8)
FNF:9
FNH:1
FNDA:9,(anonymous_0)
FNDA:0,ProductPage
FNDA:0,(anonymous_2)
FNDA:0,(anonymous_3)
FNDA:0,(anonymous_4)
FNDA:0,(anonymous_5)
FNDA:0,(anonymous_6)
FNDA:0,(anonymous_7)
FNDA:0,(anonymous_8)
DA:1,81
DA:21,9
DA:22,0
DA:23,0
DA:24,0
DA:27,9
DA:29,0
DA:30,0
DA:31,0
DA:41,0
DA:42,0
DA:43,0
DA:45,0
DA:52,0
DA:53,0
DA:56,0
DA:60,0
DA:70,0
DA:83,9
LF:19
LH:4
BRDA:1,0,0,18
BRDA:1,0,1,9
BRDA:1,1,0,9
BRDA:58,2,0,0
BRDA:58,2,1,0
BRF:5
BRH:3
end_of_record
TN:
SF:src/pages/UploadedProducts.tsx
FN:1,(anonymous_0)
FN:12,UploadedProducts
FN:14,(anonymous_2)
FN:27,(anonymous_3)
FN:34,(anonymous_4)
FNF:5
FNH:1
FNDA:9,(anonymous_0)
FNDA:0,UploadedProducts
FNDA:0,(anonymous_2)
FNDA:0,(anonymous_3)
FNDA:0,(anonymous_4)
DA:1,72
DA:12,9
DA:13,0
DA:14,0
DA:15,0
DA:22,0
DA:23,0
DA:24,0
DA:27,0
DA:28,0
DA:31,0
DA:35,0
DA:51,9
LF:13
LH:3
BRDA:1,0,0,9
BRDA:1,0,1,0
BRDA:1,1,0,9
BRDA:1,2,0,9
BRDA:1,2,1,9
BRF:5
BRH:4
end_of_record
TN:
SF:src/pages/UserDashboard.tsx
FN:1,(anonymous_0)
FN:15,UserDashboard
FN:30,(anonymous_2)
FN:52,(anonymous_3)
FN:15,(anonymous_4)
FNF:5
FNH:5
FNDA:9,(anonymous_0)
FNDA:24,UserDashboard
FNDA:8,(anonymous_2)
FNDA:8,(anonymous_3)
FNDA:4,(anonymous_4)
DA:1,72
DA:15,24
DA:21,24
DA:26,24
DA:27,24
DA:29,24
DA:30,24
DA:31,8
DA:32,8
DA:39,7
DA:41,0
DA:46,0
DA:48,7
DA:52,24
DA:53,8
DA:56,24
DA:77,9
LF:17
LH:15
BRDA:1,0,0,9
BRDA:1,0,1,0
BRDA:1,1,0,9
BRDA:1,2,0,9
BRDA:1,2,1,9
BRDA:59,3,0,24
BRDA:59,3,1,0
BRDA:59,3,2,0
BRF:8
BRH:5
end_of_record
TN:
SF:src/pages/UserProfile.tsx
FN:1,(anonymous_0)
FN:6,UserProfile
FN:9,(anonymous_2)
FN:22,(anonymous_3)
FN:6,(anonymous_4)
FNF:5
FNH:1
FNDA:9,(anonymous_0)
FNDA:0,UserProfile
FNDA:0,(anonymous_2)
FNDA:0,(anonymous_3)
FNDA:0,(anonymous_4)
DA:1,72
DA:6,9
DA:7,9
DA:8,0
DA:9,0
DA:10,0
DA:18,0
DA:19,0
DA:22,0
DA:23,0
DA:26,0
DA:40,9
LF:12
LH:4
BRDA:1,0,0,9
BRDA:1,0,1,0
BRDA:1,1,0,9
BRDA:1,2,0,9
BRDA:1,2,1,9
BRF:5
BRH:4
end_of_record
TN:
SF:src/zustand/customHooks.ts
FN:28,(anonymous_0)
FN:30,(anonymous_1)
FN:31,(anonymous_2)
FN:35,(anonymous_3)
FN:36,(anonymous_4)
FN:38,(anonymous_5)
FN:47,(anonymous_6)
FN:47,(anonymous_7)
FNF:8
FNH:1
FNDA:9,(anonymous_0)
FNDA:0,(anonymous_1)
FNDA:0,(anonymous_2)
FNDA:0,(anonymous_3)
FNDA:0,(anonymous_4)
FNDA:0,(anonymous_5)
FNDA:0,(anonymous_6)
FNDA:0,(anonymous_7)
DA:26,9
DA:28,9
DA:31,0
DA:36,0
DA:37,0
DA:38,0
DA:40,0
DA:41,0
DA:42,0
DA:43,0
DA:45,0
DA:47,0
LF:12
LH:2
BRDA:40,0,0,0
BRF:1
BRH:0
end_of_record
